#
# A fatal error has been detected by the Java Runtime Environment:
#
#  EXCEPTION_ACCESS_VIOLATION (0xc0000005) at pc=0x00007ffd01091676, pid=7576, tid=7396
#
# JRE version: OpenJDK Runtime Environment 18.9 (11.0.16+8) (build 11.0.16+8)
# Java VM: OpenJDK 64-Bit Server VM 18.9 (11.0.16+8, mixed mode, tiered, compressed oops, g1 gc, windows-amd64)
# Problematic frame:
# V  [jvm.dll+0x191676]
#
# No core dump will be written. Minidumps are not enabled by default on client versions of Windows
#
# If you would like to submit a bug report, please visit:
#   https://bugreport.java.com/bugreport/crash.jsp
#

---------------  S U M M A R Y ------------

Command Line: -XX:MaxMetaspaceSize=512m --add-opens=java.base/java.util=ALL-UNNAMED --add-opens=java.base/java.lang=ALL-UNNAMED --add-opens=java.base/java.lang.invoke=ALL-UNNAMED --add-opens=java.base/java.util=ALL-UNNAMED --add-opens=java.prefs/java.util.prefs=ALL-UNNAMED --add-opens=java.prefs/java.util.prefs=ALL-UNNAMED --add-opens=java.base/java.nio.charset=ALL-UNNAMED --add-opens=java.base/java.net=ALL-UNNAMED --add-opens=java.base/java.util.concurrent.atomic=ALL-UNNAMED -Xmx2048m -Dfile.encoding=windows-1254 -Duser.country=TR -Duser.language=tr -Duser.variant org.gradle.launcher.daemon.bootstrap.GradleDaemon 7.5.1

Host: Intel(R) Core(TM) i5-4590 CPU @ 3.30GHz, 4 cores, 7G,  Windows 10 , 64 bit Build 19041 (10.0.19041.1202)
Time: Fri Sep 16 23:12:20 2022 Türkiye Standart Saati elapsed time: 208.753588 seconds (0d 0h 3m 28s)

---------------  T H R E A D  ---------------

Current thread (0x000001f3e288e000):  GCTaskThread "GC Thread#1" [stack: 0x0000001f6e000000,0x0000001f6e100000] [id=7396]

Stack: [0x0000001f6e000000,0x0000001f6e100000],  sp=0x0000001f6e0ff5e8,  free space=1021k
Native frames: (J=compiled Java code, j=interpreted, Vv=VM code, C=native code)
V  [jvm.dll+0x191676]


siginfo: EXCEPTION_ACCESS_VIOLATION (0xc0000005), reading address 0x0000000000000008


Register to memory mapping:

RIP=0x00007ffd01091676 jvm.dll
RAX=0x000000008b5b2568 points into unknown readable memory: 0x8b5b257820000301 | 01 03 00 20 78 25 5b 8b
RBX=0x000000008b5b2568 points into unknown readable memory: 0x8b5b257820000301 | 01 03 00 20 78 25 5b 8b
RCX=0x000000008b5b2568 points into unknown readable memory: 0x8b5b257820000301 | 01 03 00 20 78 25 5b 8b
RDX=0x000000008b5b2568 points into unknown readable memory: 0x8b5b257820000301 | 01 03 00 20 78 25 5b 8b
RSP=0x0000001f6e0ff5e8 points into unknown readable memory: 0x00007ffd01210b51 | 51 0b 21 01 fd 7f 00 00
RBP=0x000000008b5b2568 points into unknown readable memory: 0x8b5b257820000301 | 01 03 00 20 78 25 5b 8b
RSI=0x000000008b5b2568 points into unknown readable memory: 0x8b5b257820000301 | 01 03 00 20 78 25 5b 8b
RDI=0x000000008b5bba00 points into unknown readable memory: 0x0000000000000000 | 00 00 00 00 00 00 00 00
R8 =0x0000000000000001 is an unknown value
R9 =0x0 is NULL
R10=0x0000000000000017 is an unknown value
R11=0x000001f3da86ad92 points into unknown readable memory: 40 41 41 41 41 41
R12=0x0000001f6e0ff7e8 points into unknown readable memory: 0x00007ffd017652d0 | d0 52 76 01 fd 7f 00 00
R13=0x00007ffd00f00000 jvm.dll
R14=0x000001f3e80034a0 points into unknown readable memory: 0x00007ffd0176c620 | 20 c6 76 01 fd 7f 00 00
R15=0x000000008b5bbc00 is pointing into object: java.lang.String 
{0x000000008b5bbbf0} - klass: 'java/lang/String'


Registers:
RAX=0x000000008b5b2568, RBX=0x000000008b5b2568, RCX=0x000000008b5b2568, RDX=0x000000008b5b2568
RSP=0x0000001f6e0ff5e8, RBP=0x000000008b5b2568, RSI=0x000000008b5b2568, RDI=0x000000008b5bba00
R8 =0x0000000000000001, R9 =0x0000000000000000, R10=0x0000000000000017, R11=0x000001f3da86ad92
R12=0x0000001f6e0ff7e8, R13=0x00007ffd00f00000, R14=0x000001f3e80034a0, R15=0x000000008b5bbc00
RIP=0x00007ffd01091676, EFLAGS=0x0000000000010246

Top of Stack: (sp=0x0000001f6e0ff5e8)
0x0000001f6e0ff5e8:   00007ffd01210b51 0000001f6e0ff7c0
0x0000001f6e0ff5f8:   000001f3c2a9a0a0 000001f3ed4d70b0
0x0000001f6e0ff608:   00007ffd01212906 0000001f6e0ff850
0x0000001f6e0ff618:   00007ffd015141ff 000000008b5fb000
0x0000001f6e0ff628:   0000000000000040 0000001f6e0ff7e8
0x0000001f6e0ff638:   0000001f6e0ff7c0 00007ffd01765450
0x0000001f6e0ff648:   00000000000000b5 000000008b5bba00
0x0000001f6e0ff658:   000001f3c118e210 0000001f6e0ff7c0
0x0000001f6e0ff668:   00007ffd01211283 000000008b5bba00
0x0000001f6e0ff678:   0000001f6e0ff690 0000000000000100
0x0000001f6e0ff688:   000001f3c2acebe8 000000008b5bba00
0x0000001f6e0ff698:   0000000000000040 0000000000000001
0x0000001f6e0ff6a8:   0000000000000001 00007ffd0193c270
0x0000001f6e0ff6b8:   00007ffd011b7240 0000000000000100
0x0000001f6e0ff6c8:   0000001f6e0ff7c0 0000000000000091
0x0000001f6e0ff6d8:   000001f3e9fdb3c0 000001f3ed4d70b0 

Instructions: (pc=0x00007ffd01091676)
0x00007ffd01091576:   eb 04 48 8b 43 08 81 78 08 00 00 00 c0 73 7d 48
0x00007ffd01091586:   8b 4f 38 48 8b d3 48 8b 01 ff 50 20 84 c0 75 6c
0x00007ffd01091596:   38 05 d5 ba 8a 00 74 15 8b 53 08 8b 0d f1 27 86
0x00007ffd010915a6:   00 48 d3 e2 48 03 15 df 27 86 00 eb 04 48 8b 53
0x00007ffd010915b6:   08 48 8b cb 48 89 5c 24 20 e8 ac 00 00 00 80 7f
0x00007ffd010915c6:   30 00 48 63 c8 48 89 4c 24 28 0f 28 44 24 20 74
0x00007ffd010915d6:   17 0f 11 86 98 03 00 00 48 8b 5c 24 40 48 8b 74
0x00007ffd010915e6:   24 48 48 83 c4 30 5f c3 48 8b 07 48 8d 54 24 20
0x00007ffd010915f6:   48 8b cf 66 0f 7f 44 24 20 ff 50 38 48 8b 5c 24
0x00007ffd01091606:   40 48 8b 74 24 48 48 83 c4 30 5f c3 cc cc cc cc
0x00007ffd01091616:   cc cc cc cc cc cc cc cc cc cc 48 8b 49 38 48 8b
0x00007ffd01091626:   01 48 ff 60 28 cc cc cc cc cc 80 3d 3a ba 8a 00
0x00007ffd01091636:   00 48 8b c1 74 1b 8b 51 08 8b 0d 53 27 86 00 48
0x00007ffd01091646:   d3 e2 48 8b c8 48 03 15 3e 27 86 00 e9 19 00 00
0x00007ffd01091656:   00 48 8b 51 08 48 8b c8 e9 0d 00 00 00 cc cc cc
0x00007ffd01091666:   cc cc cc cc cc cc cc cc cc cc 4c 8b ca 48 8b d1
0x00007ffd01091676:   45 8b 41 08 45 85 c0 7e 0e 41 f6 c0 01 75 56 41
0x00007ffd01091686:   c1 f8 03 41 8b c0 c3 79 4c 80 3d db b9 8a 00 00
0x00007ffd01091696:   b8 0c 00 00 00 b9 10 00 00 00 0f 45 c8 8b 05 7b
0x00007ffd010916a6:   70 84 00 ff c8 4c 63 c8 48 63 14 11 41 8b c8 83
0x00007ffd010916b6:   e1 3f 48 d3 e2 41 8b c8 48 c1 f9 10 0f b6 c1 49
0x00007ffd010916c6:   8d 0c 11 49 f7 d1 48 03 c1 49 c1 e9 03 48 c1 e8
0x00007ffd010916d6:   03 41 23 c1 c3 49 8b 01 49 8b c9 48 ff a0 10 01
0x00007ffd010916e6:   00 00 cc cc cc cc cc cc cc cc 48 8b c2 c3 cc cc
0x00007ffd010916f6:   cc cc cc cc cc cc cc cc cc cc 48 83 ec 38 48 8b
0x00007ffd01091706:   c1 48 8b 49 38 80 79 08 00 74 04 48 8b 48 38 0f
0x00007ffd01091716:   10 02 48 8d 54 24 20 0f 29 44 24 20 e8 09 f0 ff
0x00007ffd01091726:   ff 48 83 c4 38 c3 cc cc cc cc 48 83 ec 38 0f 10
0x00007ffd01091736:   02 48 8b 01 48 8d 54 24 20 0f 29 44 24 20 ff 50
0x00007ffd01091746:   38 48 83 c4 38 c3 cc cc cc cc 48 89 5c 24 08 55
0x00007ffd01091756:   56 57 41 54 41 55 41 56 41 57 48 8d 6c 24 e0 48
0x00007ffd01091766:   81 ec 20 01 00 00 48 8b 05 a5 ad 87 00 48 33 c4 


Stack slot to memory mapping:
stack at sp + 0 slots: 0x00007ffd01210b51 jvm.dll
stack at sp + 1 slots: 0x0000001f6e0ff7c0 points into unknown readable memory: 0x00007ffd01765450 | 50 54 76 01 fd 7f 00 00
stack at sp + 2 slots: 0x000001f3c2a9a0a0 points into unknown readable memory: 0x00007ffd0175e8f8 | f8 e8 75 01 fd 7f 00 00
stack at sp + 3 slots: 0x000001f3ed4d70b0 points into unknown readable memory: 0x00007ffd01764948 | 48 49 76 01 fd 7f 00 00
stack at sp + 4 slots: 0x00007ffd01212906 jvm.dll
stack at sp + 5 slots: 0x0000001f6e0ff850 points into unknown readable memory: 0x0000000000000000 | 00 00 00 00 00 00 00 00
stack at sp + 6 slots: 0x00007ffd015141ff jvm.dll
stack at sp + 7 slots: 0x000000008b5fb000 is pointing into object: java.util.Hashtable$Entry 
{0x000000008b5faff8} - klass: 'java/util/Hashtable$Entry'


---------------  P R O C E S S  ---------------

Threads class SMR info:
_java_thread_list=0x000001f3f000f520, length=92, elements={
0x000001f3c2a8b800, 0x000001f3e19de800, 0x000001f3e19e8000, 0x000001f3e1a43000,
0x000001f3e1a44000, 0x000001f3e1a45800, 0x000001f3e1a49800, 0x000001f3e2349000,
0x000001f3e234b000, 0x000001f3e24c0000, 0x000001f3e5099800, 0x000001f3e3e0a000,
0x000001f3e483f000, 0x000001f3e4423000, 0x000001f3e4425800, 0x000001f3e4426000,
0x000001f3e4424800, 0x000001f3e4428000, 0x000001f3e4424000, 0x000001f3e5b76000,
0x000001f3e5b73800, 0x000001f3e5b71800, 0x000001f3e5b77000, 0x000001f3e5b74800,
0x000001f3e5b7a800, 0x000001f3e988d800, 0x000001f3e9888800, 0x000001f3e9886000,
0x000001f3e9885800, 0x000001f3e9884800, 0x000001f3e9889800, 0x000001f3e9887000,
0x000001f3e9883800, 0x000001f3e988a000, 0x000001f3e988b000, 0x000001f3e988c000,
0x000001f3e988c800, 0x000001f3e9888000, 0x000001f3e988e800, 0x000001f3e988f000,
0x000001f3e9890000, 0x000001f3e9890800, 0x000001f3e9891800, 0x000001f3e9892800,
0x000001f3e5b72000, 0x000001f3e5b7c800, 0x000001f3e5b7d800, 0x000001f3e5b7c000,
0x000001f3e5b7b000, 0x000001f3e5b7e800, 0x000001f3e5b78800, 0x000001f3e5b7f000,
0x000001f3e5b79800, 0x000001f3e5b80000, 0x000001f3e4428800, 0x000001f3e4429800,
0x000001f3e4427000, 0x000001f3e7d1c800, 0x000001f3e7d1d800, 0x000001f3e7d18800,
0x000001f3e7d1b800, 0x000001f3e7d1f000, 0x000001f3e7d19000, 0x000001f3e7d20000,
0x000001f3e7d1e000, 0x000001f3e7d1a000, 0x000001f3e7d20800, 0x000001f3e7d1b000,
0x000001f3e7d21800, 0x000001f3e7d27000, 0x000001f3e7d22000, 0x000001f3e7d25800,
0x000001f3e7d24800, 0x000001f3e7d24000, 0x000001f3e7d26800, 0x000001f3e7d23000,
0x000001f3ed1d1000, 0x000001f3ed1d2800, 0x000001f3ed1d1800, 0x000001f3ed1ce800,
0x000001f3ed1cc800, 0x000001f3ed1cf000, 0x000001f3ed1cd800, 0x000001f3ed1d5800,
0x000001f3ed1d3000, 0x000001f3ed1d4000, 0x000001f3ed1d5000, 0x000001f3ed1d0000,
0x000001f3ed1d6800, 0x000001f3ed1db800, 0x000001f3ed1d7800, 0x000001f3ed1d8000
}

Java Threads: ( => current thread )
  0x000001f3c2a8b800 JavaThread "main" [_thread_blocked, id=8224, stack(0x0000001f6ce00000,0x0000001f6cf00000)]
  0x000001f3e19de800 JavaThread "Reference Handler" daemon [_thread_blocked, id=7696, stack(0x0000001f6d500000,0x0000001f6d600000)]
  0x000001f3e19e8000 JavaThread "Finalizer" daemon [_thread_blocked, id=5616, stack(0x0000001f6d600000,0x0000001f6d700000)]
  0x000001f3e1a43000 JavaThread "Signal Dispatcher" daemon [_thread_blocked, id=6788, stack(0x0000001f6d700000,0x0000001f6d800000)]
  0x000001f3e1a44000 JavaThread "Attach Listener" daemon [_thread_blocked, id=6744, stack(0x0000001f6d800000,0x0000001f6d900000)]
  0x000001f3e1a45800 JavaThread "Service Thread" daemon [_thread_blocked, id=7916, stack(0x0000001f6d900000,0x0000001f6da00000)]
  0x000001f3e1a49800 JavaThread "C2 CompilerThread0" daemon [_thread_blocked, id=5980, stack(0x0000001f6da00000,0x0000001f6db00000)]
  0x000001f3e2349000 JavaThread "C1 CompilerThread0" daemon [_thread_blocked, id=3364, stack(0x0000001f6db00000,0x0000001f6dc00000)]
  0x000001f3e234b000 JavaThread "Sweeper thread" daemon [_thread_blocked, id=1536, stack(0x0000001f6dc00000,0x0000001f6dd00000)]
  0x000001f3e24c0000 JavaThread "Common-Cleaner" daemon [_thread_blocked, id=1780, stack(0x0000001f6dd00000,0x0000001f6de00000)]
  0x000001f3e5099800 JavaThread "Daemon health stats" [_thread_blocked, id=7864, stack(0x0000001f6e200000,0x0000001f6e300000)]
  0x000001f3e3e0a000 JavaThread "Incoming local TCP Connector on port 50983" [_thread_in_native, id=1348, stack(0x0000001f6e300000,0x0000001f6e400000)]
  0x000001f3e483f000 JavaThread "Daemon periodic checks" [_thread_blocked, id=4392, stack(0x0000001f6e400000,0x0000001f6e500000)]
  0x000001f3e4423000 JavaThread "Cache worker for journal cache (C:\Users\Metin\.gradle\caches\journal-1)" [_thread_blocked, id=7152, stack(0x0000001f6ec00000,0x0000001f6ed00000)]
  0x000001f3e4425800 JavaThread "File lock request listener" [_thread_in_native, id=2976, stack(0x0000001f6ed00000,0x0000001f6ee00000)]
  0x000001f3e4426000 JavaThread "Cache worker for file hash cache (C:\Users\Metin\.gradle\caches\7.5.1\fileHashes)" [_thread_blocked, id=7788, stack(0x0000001f6ef00000,0x0000001f6f000000)]
  0x000001f3e4424800 JavaThread "File watcher server" daemon [_thread_blocked, id=3576, stack(0x0000001f6f000000,0x0000001f6f100000)]
  0x000001f3e4428000 JavaThread "File watcher consumer" daemon [_thread_blocked, id=1344, stack(0x0000001f6f100000,0x0000001f6f200000)]
  0x000001f3e4424000 JavaThread "Cache worker for file content cache (C:\Users\Metin\.gradle\caches\7.5.1\fileContent)" [_thread_blocked, id=5500, stack(0x0000001f6f300000,0x0000001f6f400000)]
  0x000001f3e5b76000 JavaThread "Cache worker for execution history cache (C:\Users\Metin\.gradle\caches\7.5.1\executionHistory)" [_thread_blocked, id=8528, stack(0x0000001f6f700000,0x0000001f6f800000)]
  0x000001f3e5b73800 JavaThread "jar transforms" [_thread_blocked, id=6268, stack(0x0000001f6f800000,0x0000001f6f900000)]
  0x000001f3e5b71800 JavaThread "jar transforms Thread 2" [_thread_blocked, id=8240, stack(0x0000001f6f900000,0x0000001f6fa00000)]
  0x000001f3e5b77000 JavaThread "jar transforms Thread 3" [_thread_blocked, id=8188, stack(0x0000001f6fa00000,0x0000001f6fb00000)]
  0x000001f3e5b74800 JavaThread "jar transforms Thread 4" [_thread_blocked, id=8572, stack(0x0000001f6fb00000,0x0000001f6fc00000)]
  0x000001f3e5b7a800 JavaThread "Cache worker for kotlin-dsl (C:\Users\Metin\.gradle\caches\7.5.1\kotlin-dsl)" [_thread_blocked, id=8540, stack(0x0000001f6fc00000,0x0000001f6fd00000)]
  0x000001f3e988d800 JavaThread "Memory manager" [_thread_blocked, id=5092, stack(0x0000001f72100000,0x0000001f72200000)]
  0x000001f3e9888800 JavaThread "Daemon Thread 2" [_thread_blocked, id=4080, stack(0x0000001f6cc00000,0x0000001f6cd00000)]
  0x000001f3e9886000 JavaThread "Handler for socket connection from /127.0.0.1:50983 to /127.0.0.1:51141" [_thread_in_native, id=8500, stack(0x0000001f6cd00000,0x0000001f6ce00000)]
  0x000001f3e9885800 JavaThread "Cancel handler" [_thread_blocked, id=7240, stack(0x0000001f6df00000,0x0000001f6e000000)]
  0x000001f3e9884800 JavaThread "Daemon worker Thread 2" [_thread_blocked, id=1284, stack(0x0000001f6e500000,0x0000001f6e600000)]
  0x000001f3e9889800 JavaThread "Asynchronous log dispatcher for DefaultDaemonConnection: socket connection from /127.0.0.1:50983 to /127.0.0.1:51141" [_thread_blocked, id=6936, stack(0x0000001f6e600000,0x0000001f6e700000)]
  0x000001f3e9887000 JavaThread "Stdin handler" [_thread_blocked, id=7992, stack(0x0000001f6e700000,0x0000001f6e800000)]
  0x000001f3e9883800 JavaThread "Daemon client event forwarder" [_thread_blocked, id=6508, stack(0x0000001f6e800000,0x0000001f6e900000)]
  0x000001f3e988a000 JavaThread "Cache worker for checksums cache (C:\KOD\ReactNative\BrBaApplication\android\.gradle\7.5.1\checksums)" [_thread_blocked, id=7608, stack(0x0000001f6e900000,0x0000001f6ea00000)]
  0x000001f3e988b000 JavaThread "Cache worker for cache directory md-rule (C:\Users\Metin\.gradle\caches\7.5.1\md-rule)" [_thread_blocked, id=5548, stack(0x0000001f6ea00000,0x0000001f6eb00000)]
  0x000001f3e988c000 JavaThread "Cache worker for file hash cache (C:\KOD\ReactNative\BrBaApplication\android\.gradle\7.5.1\fileHashes)" [_thread_blocked, id=5660, stack(0x0000001f6eb00000,0x0000001f6ec00000)]
  0x000001f3e988c800 JavaThread "Cache worker for cache directory md-supplier (C:\Users\Metin\.gradle\caches\7.5.1\md-supplier)" [_thread_blocked, id=6812, stack(0x0000001f6f200000,0x0000001f6f300000)]
  0x000001f3e9888000 JavaThread "Cache worker for dependencies-accessors (C:\KOD\ReactNative\BrBaApplication\android\.gradle\7.5.1\dependencies-accessors)" [_thread_blocked, id=5200, stack(0x0000001f6cb00000,0x0000001f6cc00000)]
  0x000001f3e988e800 JavaThread "Cache worker for Build Output Cleanup Cache (C:\KOD\ReactNative\BrBaApplication\node_modules\react-native-gradle-plugin\.gradle\buildOutputCleanup)" [_thread_blocked, id=7212, stack(0x0000001f6f500000,0x0000001f6f600000)]
  0x000001f3e988f000 JavaThread "Unconstrained build operations" [_thread_blocked, id=4996, stack(0x0000001f6f600000,0x0000001f6f700000)]
  0x000001f3e9890000 JavaThread "Unconstrained build operations Thread 2" [_thread_blocked, id=7500, stack(0x0000001f6fd00000,0x0000001f6fe00000)]
  0x000001f3e9890800 JavaThread "Unconstrained build operations Thread 3" [_thread_blocked, id=6592, stack(0x0000001f6fe00000,0x0000001f6ff00000)]
  0x000001f3e9891800 JavaThread "Unconstrained build operations Thread 4" [_thread_blocked, id=5404, stack(0x0000001f6ff00000,0x0000001f70000000)]
  0x000001f3e9892800 JavaThread "Unconstrained build operations Thread 5" [_thread_blocked, id=4808, stack(0x0000001f70000000,0x0000001f70100000)]
  0x000001f3e5b72000 JavaThread "Unconstrained build operations Thread 6" [_thread_blocked, id=8132, stack(0x0000001f70100000,0x0000001f70200000)]
  0x000001f3e5b7c800 JavaThread "Unconstrained build operations Thread 7" [_thread_blocked, id=7612, stack(0x0000001f70200000,0x0000001f70300000)]
  0x000001f3e5b7d800 JavaThread "Unconstrained build operations Thread 8" [_thread_blocked, id=5152, stack(0x0000001f70300000,0x0000001f70400000)]
  0x000001f3e5b7c000 JavaThread "Unconstrained build operations Thread 9" [_thread_blocked, id=7704, stack(0x0000001f70400000,0x0000001f70500000)]
  0x000001f3e5b7b000 JavaThread "Unconstrained build operations Thread 10" [_thread_blocked, id=7144, stack(0x0000001f70500000,0x0000001f70600000)]
  0x000001f3e5b7e800 JavaThread "Unconstrained build operations Thread 11" [_thread_blocked, id=8960, stack(0x0000001f70600000,0x0000001f70700000)]
  0x000001f3e5b78800 JavaThread "Unconstrained build operations Thread 12" [_thread_blocked, id=4544, stack(0x0000001f70700000,0x0000001f70800000)]
  0x000001f3e5b7f000 JavaThread "Unconstrained build operations Thread 13" [_thread_blocked, id=8372, stack(0x0000001f70800000,0x0000001f70900000)]
  0x000001f3e5b79800 JavaThread "Unconstrained build operations Thread 14" [_thread_blocked, id=880, stack(0x0000001f70900000,0x0000001f70a00000)]
  0x000001f3e5b80000 JavaThread "Unconstrained build operations Thread 15" [_thread_blocked, id=6604, stack(0x0000001f70a00000,0x0000001f70b00000)]
  0x000001f3e4428800 JavaThread "Unconstrained build operations Thread 16" [_thread_blocked, id=6096, stack(0x0000001f70b00000,0x0000001f70c00000)]
  0x000001f3e4429800 JavaThread "Unconstrained build operations Thread 17" [_thread_blocked, id=6796, stack(0x0000001f70c00000,0x0000001f70d00000)]
  0x000001f3e4427000 JavaThread "Unconstrained build operations Thread 18" [_thread_blocked, id=8532, stack(0x0000001f70d00000,0x0000001f70e00000)]
  0x000001f3e7d1c800 JavaThread "Unconstrained build operations Thread 19" [_thread_blocked, id=8536, stack(0x0000001f70e00000,0x0000001f70f00000)]
  0x000001f3e7d1d800 JavaThread "Unconstrained build operations Thread 20" [_thread_blocked, id=8564, stack(0x0000001f70f00000,0x0000001f71000000)]
  0x000001f3e7d18800 JavaThread "Unconstrained build operations Thread 21" [_thread_blocked, id=6884, stack(0x0000001f71000000,0x0000001f71100000)]
  0x000001f3e7d1b800 JavaThread "Unconstrained build operations Thread 22" [_thread_blocked, id=7756, stack(0x0000001f71100000,0x0000001f71200000)]
  0x000001f3e7d1f000 JavaThread "Unconstrained build operations Thread 23" [_thread_blocked, id=7936, stack(0x0000001f71200000,0x0000001f71300000)]
  0x000001f3e7d19000 JavaThread "Unconstrained build operations Thread 24" [_thread_blocked, id=9176, stack(0x0000001f71300000,0x0000001f71400000)]
  0x000001f3e7d20000 JavaThread "Unconstrained build operations Thread 25" [_thread_blocked, id=3964, stack(0x0000001f71400000,0x0000001f71500000)]
  0x000001f3e7d1e000 JavaThread "Unconstrained build operations Thread 26" [_thread_blocked, id=8980, stack(0x0000001f71500000,0x0000001f71600000)]
  0x000001f3e7d1a000 JavaThread "Unconstrained build operations Thread 27" [_thread_blocked, id=8944, stack(0x0000001f71600000,0x0000001f71700000)]
  0x000001f3e7d20800 JavaThread "Unconstrained build operations Thread 28" [_thread_blocked, id=8020, stack(0x0000001f71700000,0x0000001f71800000)]
  0x000001f3e7d1b000 JavaThread "Unconstrained build operations Thread 29" [_thread_blocked, id=4380, stack(0x0000001f71800000,0x0000001f71900000)]
  0x000001f3e7d21800 JavaThread "Unconstrained build operations Thread 30" [_thread_blocked, id=9164, stack(0x0000001f71900000,0x0000001f71a00000)]
  0x000001f3e7d27000 JavaThread "Unconstrained build operations Thread 31" [_thread_blocked, id=5192, stack(0x0000001f71a00000,0x0000001f71b00000)]
  0x000001f3e7d22000 JavaThread "Unconstrained build operations Thread 32" [_thread_blocked, id=5424, stack(0x0000001f71b00000,0x0000001f71c00000)]
  0x000001f3e7d25800 JavaThread "Unconstrained build operations Thread 33" [_thread_blocked, id=5596, stack(0x0000001f71c00000,0x0000001f71d00000)]
  0x000001f3e7d24800 JavaThread "build event listener" [_thread_blocked, id=3096, stack(0x0000001f71d00000,0x0000001f71e00000)]
  0x000001f3e7d24000 JavaThread "Cache worker for Build Output Cleanup Cache (C:\KOD\ReactNative\BrBaApplication\android\.gradle\buildOutputCleanup)" [_thread_blocked, id=6756, stack(0x0000001f71e00000,0x0000001f71f00000)]
  0x000001f3e7d26800 JavaThread "included builds" [_thread_blocked, id=8880, stack(0x0000001f71f00000,0x0000001f72000000)]
  0x000001f3e7d23000 JavaThread "Execution worker" [_thread_blocked, id=6476, stack(0x0000001f72000000,0x0000001f72100000)]
  0x000001f3ed1d1000 JavaThread "Execution worker Thread 2" [_thread_blocked, id=2728, stack(0x0000001f72200000,0x0000001f72300000)]
  0x000001f3ed1d2800 JavaThread "Execution worker Thread 3" [_thread_blocked, id=1456, stack(0x0000001f72300000,0x0000001f72400000)]
  0x000001f3ed1d1800 JavaThread "Cache worker for execution history cache (C:\KOD\ReactNative\BrBaApplication\node_modules\react-native-gradle-plugin\.gradle\7.5.1\executionHistory)" [_thread_blocked, id=7244, stack(0x0000001f72400000,0x0000001f72500000)]
  0x000001f3ed1ce800 JavaThread "Unconstrained build operations Thread 34" [_thread_blocked, id=8464, stack(0x0000001f72500000,0x0000001f72600000)]
  0x000001f3ed1cc800 JavaThread "Unconstrained build operations Thread 35" [_thread_blocked, id=7840, stack(0x0000001f72600000,0x0000001f72700000)]
  0x000001f3ed1cf000 JavaThread "Unconstrained build operations Thread 36" [_thread_blocked, id=2544, stack(0x0000001f72700000,0x0000001f72800000)]
  0x000001f3ed1cd800 JavaThread "Unconstrained build operations Thread 37" [_thread_blocked, id=8684, stack(0x0000001f72800000,0x0000001f72900000)]
  0x000001f3ed1d5800 JavaThread "Unconstrained build operations Thread 38" [_thread_blocked, id=9208, stack(0x0000001f72900000,0x0000001f72a00000)]
  0x000001f3ed1d3000 JavaThread "Unconstrained build operations Thread 39" [_thread_blocked, id=7932, stack(0x0000001f72a00000,0x0000001f72b00000)]
  0x000001f3ed1d4000 JavaThread "Unconstrained build operations Thread 40" [_thread_blocked, id=7720, stack(0x0000001f72b00000,0x0000001f72c00000)]
  0x000001f3ed1d5000 JavaThread "build event listener" [_thread_blocked, id=9036, stack(0x0000001f72c00000,0x0000001f72d00000)]
  0x000001f3ed1d0000 JavaThread "Cache worker for execution history cache (C:\KOD\ReactNative\BrBaApplication\android\.gradle\7.5.1\executionHistory)" [_thread_blocked, id=7588, stack(0x0000001f6f400000,0x0000001f6f500000)]
  0x000001f3ed1d6800 JavaThread "WorkerExecutor Queue Thread 2" [_thread_blocked, id=5984, stack(0x0000001f72e00000,0x0000001f72f00000)]
  0x000001f3ed1db800 JavaThread "WorkerExecutor Queue Thread 3" [_thread_blocked, id=5960, stack(0x0000001f72f00000,0x0000001f73000000)]
  0x000001f3ed1d7800 JavaThread "WorkerExecutor Queue Thread 4" [_thread_blocked, id=3780, stack(0x0000001f73000000,0x0000001f73100000)]
  0x000001f3ed1d8000 JavaThread "WorkerExecutor Queue Thread 5" [_thread_blocked, id=1268, stack(0x0000001f73100000,0x0000001f73200000)]

Other Threads:
  0x000001f3e19db000 VMThread "VM Thread" [stack: 0x0000001f6d400000,0x0000001f6d500000] [id=3792]
  0x000001f3e24ee800 WatcherThread [stack: 0x0000001f6de00000,0x0000001f6df00000] [id=4828]
  0x000001f3c2aa5000 GCTaskThread "GC Thread#0" [stack: 0x0000001f6cf00000,0x0000001f6d000000] [id=8232]
=>0x000001f3e288e000 GCTaskThread "GC Thread#1" [stack: 0x0000001f6e000000,0x0000001f6e100000] [id=7396]
  0x000001f3e2ce2000 GCTaskThread "GC Thread#2" [stack: 0x0000001f6e100000,0x0000001f6e200000] [id=8064]
  0x000001f3e448b800 GCTaskThread "GC Thread#3" [stack: 0x0000001f6ee00000,0x0000001f6ef00000] [id=3712]
  0x000001f3c2ad7800 ConcurrentGCThread "G1 Main Marker" [stack: 0x0000001f6d000000,0x0000001f6d100000] [id=8236]
  0x000001f3c2ada000 ConcurrentGCThread "G1 Conc#0" [stack: 0x0000001f6d100000,0x0000001f6d200000] [id=7684]
  0x000001f3c2b6a000 ConcurrentGCThread "G1 Refine#0" [stack: 0x0000001f6d200000,0x0000001f6d300000] [id=6140]
  0x000001f3c2b6b000 ConcurrentGCThread "G1 Young RemSet Sampling" [stack: 0x0000001f6d300000,0x0000001f6d400000] [id=824]

Threads with active compile tasks:
C2 CompilerThread0   208798 18722       4       org.apache.xerces.impl.XMLNSDocumentScannerImpl::scanEndElement (190 bytes)

VM state:at safepoint (normal execution)

VM Mutex/Monitor currently owned by a thread:  ([mutex/lock_event])
[0x000001f3c2a88b30] Threads_lock - owner thread: 0x000001f3e19db000
[0x000001f3c2a87780] Heap_lock - owner thread: 0x000001f3e7d26800

Heap address: 0x0000000080000000, size: 2048 MB, Compressed Oops mode: 32-bit
Narrow klass base: 0x0000000000000000, Narrow klass shift: 3
Compressed class space size: 528482304 Address: 0x0000000100000000

Heap:
 garbage-first heap   total 227328K, used 198614K [0x0000000080000000, 0x0000000100000000)
  region size 1024K, 11 young (11264K), 2 survivors (2048K)
 Metaspace       used 119871K, capacity 125291K, committed 125496K, reserved 624640K
  class space    used 15436K, capacity 17437K, committed 17484K, reserved 516096K
Heap Regions: E=young(eden), S=young(survivor), O=old, HS=humongous(starts), HC=humongous(continues), CS=collection set, F=free, A=archive, TAMS=top-at-mark-start (previous, next)
|   0|0x0000000080000000, 0x0000000080100000, 0x0000000080100000|100%|HS|  |TAMS 0x0000000080100000, 0x0000000080000000| Complete 
|   1|0x0000000080100000, 0x0000000080200000, 0x0000000080200000|100%|HC|  |TAMS 0x0000000080200000, 0x0000000080100000| Complete 
|   2|0x0000000080200000, 0x0000000080300000, 0x0000000080300000|100%|HC|  |TAMS 0x0000000080300000, 0x0000000080200000| Complete 
|   3|0x0000000080300000, 0x0000000080400000, 0x0000000080400000|100%| O|  |TAMS 0x0000000080400000, 0x0000000080300000| Untracked 
|   4|0x0000000080400000, 0x0000000080500000, 0x0000000080500000|100%| O|  |TAMS 0x0000000080500000, 0x0000000080400000| Untracked 
|   5|0x0000000080500000, 0x0000000080600000, 0x0000000080600000|100%| O|  |TAMS 0x0000000080600000, 0x0000000080500000| Untracked 
|   6|0x0000000080600000, 0x0000000080700000, 0x0000000080700000|100%| O|  |TAMS 0x0000000080700000, 0x0000000080600000| Untracked 
|   7|0x0000000080700000, 0x0000000080800000, 0x0000000080800000|100%| O|  |TAMS 0x0000000080800000, 0x0000000080700000| Untracked 
|   8|0x0000000080800000, 0x0000000080900000, 0x0000000080900000|100%| O|  |TAMS 0x0000000080900000, 0x0000000080800000| Untracked 
|   9|0x0000000080900000, 0x0000000080a00000, 0x0000000080a00000|100%| O|  |TAMS 0x0000000080a00000, 0x0000000080900000| Untracked 
|  10|0x0000000080a00000, 0x0000000080b00000, 0x0000000080b00000|100%| O|  |TAMS 0x0000000080b00000, 0x0000000080a00000| Untracked 
|  11|0x0000000080b00000, 0x0000000080c00000, 0x0000000080c00000|100%| O|  |TAMS 0x0000000080c00000, 0x0000000080b00000| Untracked 
|  12|0x0000000080c00000, 0x0000000080d00000, 0x0000000080d00000|100%| O|  |TAMS 0x0000000080d00000, 0x0000000080c00000| Untracked 
|  13|0x0000000080d00000, 0x0000000080e00000, 0x0000000080e00000|100%| O|  |TAMS 0x0000000080e00000, 0x0000000080d00000| Untracked 
|  14|0x0000000080e00000, 0x0000000080f00000, 0x0000000080f00000|100%|HS|  |TAMS 0x0000000080f00000, 0x0000000080e00000| Complete 
|  15|0x0000000080f00000, 0x0000000081000000, 0x0000000081000000|100%| O|  |TAMS 0x0000000081000000, 0x0000000080f00000| Untracked 
|  16|0x0000000081000000, 0x0000000081100000, 0x0000000081100000|100%| O|  |TAMS 0x0000000081100000, 0x0000000081000000| Untracked 
|  17|0x0000000081100000, 0x0000000081200000, 0x0000000081200000|100%| O|  |TAMS 0x0000000081200000, 0x0000000081100000| Untracked 
|  18|0x0000000081200000, 0x0000000081300000, 0x0000000081300000|100%| O|  |TAMS 0x0000000081300000, 0x0000000081200000| Untracked 
|  19|0x0000000081300000, 0x0000000081400000, 0x0000000081400000|100%| O|  |TAMS 0x0000000081400000, 0x0000000081300000| Untracked 
|  20|0x0000000081400000, 0x0000000081500000, 0x0000000081500000|100%| O|  |TAMS 0x0000000081500000, 0x0000000081400000| Untracked 
|  21|0x0000000081500000, 0x0000000081600000, 0x0000000081600000|100%| O|  |TAMS 0x0000000081600000, 0x0000000081500000| Untracked 
|  22|0x0000000081600000, 0x0000000081700000, 0x0000000081700000|100%| O|  |TAMS 0x0000000081700000, 0x0000000081600000| Untracked 
|  23|0x0000000081700000, 0x0000000081800000, 0x0000000081800000|100%|HS|  |TAMS 0x0000000081800000, 0x0000000081700000| Complete 
|  24|0x0000000081800000, 0x0000000081900000, 0x0000000081900000|100%|HC|  |TAMS 0x0000000081900000, 0x0000000081800000| Complete 
|  25|0x0000000081900000, 0x0000000081a00000, 0x0000000081a00000|100%|HC|  |TAMS 0x0000000081a00000, 0x0000000081900000| Complete 
|  26|0x0000000081a00000, 0x0000000081b00000, 0x0000000081b00000|100%| O|  |TAMS 0x0000000081b00000, 0x0000000081a00000| Untracked 
|  27|0x0000000081b00000, 0x0000000081c00000, 0x0000000081c00000|100%| O|  |TAMS 0x0000000081c00000, 0x0000000081b00000| Untracked 
|  28|0x0000000081c00000, 0x0000000081d00000, 0x0000000081d00000|100%| O|  |TAMS 0x0000000081d00000, 0x0000000081c00000| Untracked 
|  29|0x0000000081d00000, 0x0000000081e00000, 0x0000000081e00000|100%| O|  |TAMS 0x0000000081e00000, 0x0000000081d00000| Untracked 
|  30|0x0000000081e00000, 0x0000000081f00000, 0x0000000081f00000|100%| O|  |TAMS 0x0000000081f00000, 0x0000000081e00000| Untracked 
|  31|0x0000000081f00000, 0x0000000082000000, 0x0000000082000000|100%| O|  |TAMS 0x0000000082000000, 0x0000000081f00000| Untracked 
|  32|0x0000000082000000, 0x0000000082100000, 0x0000000082100000|100%| O|  |TAMS 0x0000000082100000, 0x0000000082000000| Untracked 
|  33|0x0000000082100000, 0x0000000082200000, 0x0000000082200000|100%| O|  |TAMS 0x0000000082200000, 0x0000000082100000| Untracked 
|  34|0x0000000082200000, 0x0000000082300000, 0x0000000082300000|100%| O|  |TAMS 0x0000000082300000, 0x0000000082200000| Untracked 
|  35|0x0000000082300000, 0x0000000082400000, 0x0000000082400000|100%| O|  |TAMS 0x0000000082400000, 0x0000000082300000| Untracked 
|  36|0x0000000082400000, 0x0000000082500000, 0x0000000082500000|100%| O|  |TAMS 0x0000000082500000, 0x0000000082400000| Untracked 
|  37|0x0000000082500000, 0x0000000082600000, 0x0000000082600000|100%| O|  |TAMS 0x0000000082600000, 0x0000000082500000| Untracked 
|  38|0x0000000082600000, 0x0000000082700000, 0x0000000082700000|100%| O|  |TAMS 0x0000000082700000, 0x0000000082600000| Untracked 
|  39|0x0000000082700000, 0x0000000082800000, 0x0000000082800000|100%| O|  |TAMS 0x0000000082800000, 0x0000000082700000| Untracked 
|  40|0x0000000082800000, 0x0000000082900000, 0x0000000082900000|100%| O|  |TAMS 0x0000000082900000, 0x0000000082800000| Untracked 
|  41|0x0000000082900000, 0x0000000082a00000, 0x0000000082a00000|100%|HS|  |TAMS 0x0000000082a00000, 0x0000000082900000| Complete 
|  42|0x0000000082a00000, 0x0000000082b00000, 0x0000000082b00000|100%|HS|  |TAMS 0x0000000082b00000, 0x0000000082a00000| Complete 
|  43|0x0000000082b00000, 0x0000000082c00000, 0x0000000082c00000|100%|HS|  |TAMS 0x0000000082c00000, 0x0000000082b00000| Complete 
|  44|0x0000000082c00000, 0x0000000082d00000, 0x0000000082d00000|100%|HC|  |TAMS 0x0000000082d00000, 0x0000000082c00000| Complete 
|  45|0x0000000082d00000, 0x0000000082e00000, 0x0000000082e00000|100%| O|  |TAMS 0x0000000082e00000, 0x0000000082d00000| Untracked 
|  46|0x0000000082e00000, 0x0000000082f00000, 0x0000000082f00000|100%| O|  |TAMS 0x0000000082f00000, 0x0000000082e00000| Untracked 
|  47|0x0000000082f00000, 0x0000000083000000, 0x0000000083000000|100%| O|  |TAMS 0x0000000083000000, 0x0000000082f00000| Untracked 
|  48|0x0000000083000000, 0x0000000083100000, 0x0000000083100000|100%| O|  |TAMS 0x0000000083100000, 0x0000000083000000| Untracked 
|  49|0x0000000083100000, 0x0000000083200000, 0x0000000083200000|100%| O|  |TAMS 0x0000000083200000, 0x0000000083100000| Untracked 
|  50|0x0000000083200000, 0x0000000083300000, 0x0000000083300000|100%| O|  |TAMS 0x0000000083300000, 0x0000000083200000| Untracked 
|  51|0x0000000083300000, 0x0000000083400000, 0x0000000083400000|100%| O|  |TAMS 0x0000000083400000, 0x0000000083300000| Untracked 
|  52|0x0000000083400000, 0x0000000083500000, 0x0000000083500000|100%| O|  |TAMS 0x0000000083500000, 0x0000000083400000| Untracked 
|  53|0x0000000083500000, 0x0000000083600000, 0x0000000083600000|100%| O|  |TAMS 0x0000000083600000, 0x0000000083500000| Untracked 
|  54|0x0000000083600000, 0x0000000083700000, 0x0000000083700000|100%| O|  |TAMS 0x0000000083700000, 0x0000000083600000| Untracked 
|  55|0x0000000083700000, 0x0000000083800000, 0x0000000083800000|100%| O|  |TAMS 0x0000000083800000, 0x0000000083700000| Untracked 
|  56|0x0000000083800000, 0x0000000083900000, 0x0000000083900000|100%| O|  |TAMS 0x0000000083900000, 0x0000000083800000| Untracked 
|  57|0x0000000083900000, 0x0000000083a00000, 0x0000000083a00000|100%| O|  |TAMS 0x0000000083a00000, 0x0000000083900000| Untracked 
|  58|0x0000000083a00000, 0x0000000083b00000, 0x0000000083b00000|100%| O|  |TAMS 0x0000000083b00000, 0x0000000083a00000| Untracked 
|  59|0x0000000083b00000, 0x0000000083c00000, 0x0000000083c00000|100%| O|  |TAMS 0x0000000083c00000, 0x0000000083b00000| Untracked 
|  60|0x0000000083c00000, 0x0000000083d00000, 0x0000000083d00000|100%| O|  |TAMS 0x0000000083d00000, 0x0000000083c00000| Untracked 
|  61|0x0000000083d00000, 0x0000000083e00000, 0x0000000083e00000|100%| O|  |TAMS 0x0000000083e00000, 0x0000000083d00000| Untracked 
|  62|0x0000000083e00000, 0x0000000083f00000, 0x0000000083f00000|100%| O|  |TAMS 0x0000000083f00000, 0x0000000083e00000| Untracked 
|  63|0x0000000083f00000, 0x0000000084000000, 0x0000000084000000|100%| O|  |TAMS 0x0000000084000000, 0x0000000083f00000| Untracked 
|  64|0x0000000084000000, 0x0000000084100000, 0x0000000084100000|100%| O|  |TAMS 0x0000000084100000, 0x0000000084000000| Untracked 
|  65|0x0000000084100000, 0x0000000084200000, 0x0000000084200000|100%| O|  |TAMS 0x0000000084200000, 0x0000000084100000| Untracked 
|  66|0x0000000084200000, 0x0000000084300000, 0x0000000084300000|100%| O|  |TAMS 0x0000000084300000, 0x0000000084200000| Untracked 
|  67|0x0000000084300000, 0x0000000084400000, 0x0000000084400000|100%| O|  |TAMS 0x0000000084400000, 0x0000000084300000| Untracked 
|  68|0x0000000084400000, 0x0000000084500000, 0x0000000084500000|100%| O|  |TAMS 0x0000000084500000, 0x0000000084400000| Untracked 
|  69|0x0000000084500000, 0x0000000084600000, 0x0000000084600000|100%| O|  |TAMS 0x0000000084600000, 0x0000000084500000| Untracked 
|  70|0x0000000084600000, 0x0000000084700000, 0x0000000084700000|100%| O|  |TAMS 0x0000000084700000, 0x0000000084600000| Untracked 
|  71|0x0000000084700000, 0x0000000084800000, 0x0000000084800000|100%| O|  |TAMS 0x0000000084800000, 0x0000000084700000| Untracked 
|  72|0x0000000084800000, 0x0000000084900000, 0x0000000084900000|100%| O|  |TAMS 0x0000000084900000, 0x0000000084800000| Untracked 
|  73|0x0000000084900000, 0x0000000084a00000, 0x0000000084a00000|100%| O|  |TAMS 0x0000000084900000, 0x0000000084900000| Untracked 
|  74|0x0000000084a00000, 0x0000000084b00000, 0x0000000084b00000|100%| O|  |TAMS 0x0000000084b00000, 0x0000000084a00000| Untracked 
|  75|0x0000000084b00000, 0x0000000084c00000, 0x0000000084c00000|100%| O|  |TAMS 0x0000000084c00000, 0x0000000084b00000| Untracked 
|  76|0x0000000084c00000, 0x0000000084d00000, 0x0000000084d00000|100%| O|  |TAMS 0x0000000084d00000, 0x0000000084c00000| Untracked 
|  77|0x0000000084d00000, 0x0000000084e00000, 0x0000000084e00000|100%| O|  |TAMS 0x0000000084e00000, 0x0000000084d00000| Untracked 
|  78|0x0000000084e00000, 0x0000000084f00000, 0x0000000084f00000|100%| O|  |TAMS 0x0000000084f00000, 0x0000000084e00000| Untracked 
|  79|0x0000000084f00000, 0x0000000085000000, 0x0000000085000000|100%| O|  |TAMS 0x0000000085000000, 0x0000000084f00000| Untracked 
|  80|0x0000000085000000, 0x0000000085100000, 0x0000000085100000|100%| O|  |TAMS 0x0000000085100000, 0x0000000085000000| Untracked 
|  81|0x0000000085100000, 0x0000000085200000, 0x0000000085200000|100%| O|  |TAMS 0x0000000085200000, 0x0000000085100000| Untracked 
|  82|0x0000000085200000, 0x0000000085300000, 0x0000000085300000|100%| O|  |TAMS 0x0000000085300000, 0x0000000085200000| Untracked 
|  83|0x0000000085300000, 0x0000000085400000, 0x0000000085400000|100%| O|  |TAMS 0x0000000085400000, 0x0000000085300000| Untracked 
|  84|0x0000000085400000, 0x0000000085500000, 0x0000000085500000|100%| O|  |TAMS 0x0000000085500000, 0x0000000085400000| Untracked 
|  85|0x0000000085500000, 0x0000000085600000, 0x0000000085600000|100%| O|  |TAMS 0x0000000085600000, 0x0000000085500000| Untracked 
|  86|0x0000000085600000, 0x0000000085700000, 0x0000000085700000|100%| O|  |TAMS 0x0000000085700000, 0x0000000085600000| Untracked 
|  87|0x0000000085700000, 0x0000000085800000, 0x0000000085800000|100%| O|  |TAMS 0x0000000085800000, 0x0000000085700000| Untracked 
|  88|0x0000000085800000, 0x0000000085900000, 0x0000000085900000|100%| O|  |TAMS 0x0000000085900000, 0x0000000085800000| Untracked 
|  89|0x0000000085900000, 0x0000000085a00000, 0x0000000085a00000|100%| O|  |TAMS 0x0000000085a00000, 0x0000000085900000| Untracked 
|  90|0x0000000085a00000, 0x0000000085b00000, 0x0000000085b00000|100%| O|  |TAMS 0x0000000085b00000, 0x0000000085a00000| Untracked 
|  91|0x0000000085b00000, 0x0000000085c00000, 0x0000000085c00000|100%| O|  |TAMS 0x0000000085c00000, 0x0000000085b00000| Untracked 
|  92|0x0000000085c00000, 0x0000000085d00000, 0x0000000085d00000|100%| O|  |TAMS 0x0000000085d00000, 0x0000000085c00000| Untracked 
|  93|0x0000000085d00000, 0x0000000085e00000, 0x0000000085e00000|100%| O|  |TAMS 0x0000000085e00000, 0x0000000085d00000| Untracked 
|  94|0x0000000085e00000, 0x0000000085f00000, 0x0000000085f00000|100%| O|  |TAMS 0x0000000085f00000, 0x0000000085e00000| Untracked 
|  95|0x0000000085f00000, 0x0000000086000000, 0x0000000086000000|100%| O|  |TAMS 0x0000000086000000, 0x0000000085f00000| Untracked 
|  96|0x0000000086000000, 0x0000000086100000, 0x0000000086100000|100%| O|  |TAMS 0x0000000086100000, 0x0000000086000000| Untracked 
|  97|0x0000000086100000, 0x0000000086200000, 0x0000000086200000|100%|HS|  |TAMS 0x0000000086200000, 0x0000000086100000| Complete 
|  98|0x0000000086200000, 0x0000000086300000, 0x0000000086300000|100%|HS|  |TAMS 0x0000000086300000, 0x0000000086200000| Complete 
|  99|0x0000000086300000, 0x0000000086400000, 0x0000000086400000|100%| O|  |TAMS 0x0000000086400000, 0x0000000086300000| Untracked 
| 100|0x0000000086400000, 0x0000000086500000, 0x0000000086500000|100%| O|  |TAMS 0x0000000086500000, 0x0000000086400000| Untracked 
| 101|0x0000000086500000, 0x0000000086600000, 0x0000000086600000|100%| O|  |TAMS 0x0000000086600000, 0x0000000086500000| Untracked 
| 102|0x0000000086600000, 0x0000000086700000, 0x0000000086700000|100%| O|  |TAMS 0x0000000086700000, 0x0000000086600000| Untracked 
| 103|0x0000000086700000, 0x0000000086800000, 0x0000000086800000|100%| O|  |TAMS 0x0000000086800000, 0x0000000086700000| Untracked 
| 104|0x0000000086800000, 0x0000000086900000, 0x0000000086900000|100%| O|  |TAMS 0x0000000086900000, 0x0000000086800000| Untracked 
| 105|0x0000000086900000, 0x0000000086a00000, 0x0000000086a00000|100%| O|  |TAMS 0x0000000086a00000, 0x0000000086900000| Untracked 
| 106|0x0000000086a00000, 0x0000000086b00000, 0x0000000086b00000|100%|HS|  |TAMS 0x0000000086b00000, 0x0000000086a00000| Complete 
| 107|0x0000000086b00000, 0x0000000086c00000, 0x0000000086c00000|100%|HC|  |TAMS 0x0000000086c00000, 0x0000000086b00000| Complete 
| 108|0x0000000086c00000, 0x0000000086d00000, 0x0000000086d00000|100%|HC|  |TAMS 0x0000000086d00000, 0x0000000086c00000| Complete 
| 109|0x0000000086d00000, 0x0000000086e00000, 0x0000000086e00000|100%| O|  |TAMS 0x0000000086d00000, 0x0000000086d00000| Untracked 
| 110|0x0000000086e00000, 0x0000000086f00000, 0x0000000086f00000|100%| O|  |TAMS 0x0000000086f00000, 0x0000000086e00000| Untracked 
| 111|0x0000000086f00000, 0x0000000087000000, 0x0000000087000000|100%| O|  |TAMS 0x0000000087000000, 0x0000000086f00000| Untracked 
| 112|0x0000000087000000, 0x0000000087100000, 0x0000000087100000|100%| O|  |TAMS 0x0000000087100000, 0x0000000087000000| Untracked 
| 113|0x0000000087100000, 0x0000000087200000, 0x0000000087200000|100%| O|  |TAMS 0x0000000087200000, 0x0000000087100000| Untracked 
| 114|0x0000000087200000, 0x0000000087300000, 0x0000000087300000|100%| O|  |TAMS 0x0000000087300000, 0x0000000087200000| Untracked 
| 115|0x0000000087300000, 0x0000000087400000, 0x0000000087400000|100%| O|  |TAMS 0x0000000087400000, 0x0000000087300000| Untracked 
| 116|0x0000000087400000, 0x0000000087500000, 0x0000000087500000|100%|HS|  |TAMS 0x0000000087500000, 0x0000000087400000| Complete 
| 117|0x0000000087500000, 0x0000000087600000, 0x0000000087600000|100%| O|  |TAMS 0x0000000087600000, 0x0000000087500000| Untracked 
| 118|0x0000000087600000, 0x0000000087700000, 0x0000000087700000|100%| O|  |TAMS 0x0000000087700000, 0x0000000087600000| Untracked 
| 119|0x0000000087700000, 0x0000000087800000, 0x0000000087800000|100%| O|  |TAMS 0x0000000087800000, 0x0000000087700000| Untracked 
| 120|0x0000000087800000, 0x0000000087900000, 0x0000000087900000|100%| O|  |TAMS 0x0000000087900000, 0x0000000087800000| Untracked 
| 121|0x0000000087900000, 0x0000000087a00000, 0x0000000087a00000|100%| O|  |TAMS 0x0000000087a00000, 0x0000000087900000| Untracked 
| 122|0x0000000087a00000, 0x0000000087b00000, 0x0000000087b00000|100%|HS|  |TAMS 0x0000000087b00000, 0x0000000087a00000| Complete 
| 123|0x0000000087b00000, 0x0000000087c00000, 0x0000000087c00000|100%|HC|  |TAMS 0x0000000087c00000, 0x0000000087b00000| Complete 
| 124|0x0000000087c00000, 0x0000000087d00000, 0x0000000087d00000|100%|HC|  |TAMS 0x0000000087d00000, 0x0000000087c00000| Complete 
| 125|0x0000000087d00000, 0x0000000087e00000, 0x0000000087e00000|100%| O|  |TAMS 0x0000000087d2ae00, 0x0000000087d00000| Untracked 
| 126|0x0000000087e00000, 0x0000000087f00000, 0x0000000087f00000|100%| O|  |TAMS 0x0000000087f00000, 0x0000000087e00000| Untracked 
| 127|0x0000000087f00000, 0x0000000088000000, 0x0000000088000000|100%| O|  |TAMS 0x0000000088000000, 0x0000000087f00000| Untracked 
| 128|0x0000000088000000, 0x0000000088100000, 0x0000000088100000|100%| O|  |TAMS 0x0000000088000000, 0x0000000088000000| Untracked 
| 129|0x0000000088100000, 0x0000000088200000, 0x0000000088200000|100%| O|  |TAMS 0x0000000088100000, 0x0000000088100000| Untracked 
| 130|0x0000000088200000, 0x0000000088300000, 0x0000000088300000|100%| O|  |TAMS 0x0000000088200000, 0x0000000088200000| Untracked 
| 131|0x0000000088300000, 0x0000000088400000, 0x0000000088400000|100%| O|  |TAMS 0x0000000088300000, 0x0000000088300000| Untracked 
| 132|0x0000000088400000, 0x0000000088500000, 0x0000000088500000|100%| O|  |TAMS 0x0000000088400000, 0x0000000088400000| Untracked 
| 133|0x0000000088500000, 0x0000000088600000, 0x0000000088600000|100%| O|  |TAMS 0x0000000088500000, 0x0000000088500000| Untracked 
| 134|0x0000000088600000, 0x0000000088700000, 0x0000000088700000|100%| O|  |TAMS 0x0000000088700000, 0x0000000088600000| Untracked 
| 135|0x0000000088700000, 0x0000000088800000, 0x0000000088800000|100%| O|  |TAMS 0x0000000088800000, 0x0000000088700000| Untracked 
| 136|0x0000000088800000, 0x0000000088900000, 0x0000000088900000|100%| O|  |TAMS 0x0000000088900000, 0x0000000088800000| Untracked 
| 137|0x0000000088900000, 0x0000000088a00000, 0x0000000088a00000|100%| O|  |TAMS 0x0000000088a00000, 0x0000000088900000| Untracked 
| 138|0x0000000088a00000, 0x0000000088b00000, 0x0000000088b00000|100%| O|  |TAMS 0x0000000088b00000, 0x0000000088a00000| Untracked 
| 139|0x0000000088b00000, 0x0000000088c00000, 0x0000000088c00000|100%| O|  |TAMS 0x0000000088c00000, 0x0000000088b00000| Untracked 
| 140|0x0000000088c00000, 0x0000000088d00000, 0x0000000088d00000|100%| O|  |TAMS 0x0000000088d00000, 0x0000000088c00000| Untracked 
| 141|0x0000000088d00000, 0x0000000088e00000, 0x0000000088e00000|100%| O|  |TAMS 0x0000000088e00000, 0x0000000088d00000| Untracked 
| 142|0x0000000088e00000, 0x0000000088f00000, 0x0000000088f00000|100%| O|  |TAMS 0x0000000088f00000, 0x0000000088e00000| Untracked 
| 143|0x0000000088f00000, 0x0000000089000000, 0x0000000089000000|100%| O|  |TAMS 0x0000000089000000, 0x0000000088f00000| Untracked 
| 144|0x0000000089000000, 0x0000000089100000, 0x0000000089100000|100%| O|  |TAMS 0x0000000089100000, 0x0000000089000000| Untracked 
| 145|0x0000000089100000, 0x0000000089200000, 0x0000000089200000|100%| O|  |TAMS 0x0000000089200000, 0x0000000089100000| Untracked 
| 146|0x0000000089200000, 0x0000000089300000, 0x0000000089300000|100%| O|  |TAMS 0x0000000089300000, 0x0000000089200000| Untracked 
| 147|0x0000000089300000, 0x0000000089400000, 0x0000000089400000|100%| O|  |TAMS 0x0000000089400000, 0x0000000089300000| Untracked 
| 148|0x0000000089400000, 0x0000000089500000, 0x0000000089500000|100%| O|  |TAMS 0x0000000089500000, 0x0000000089400000| Untracked 
| 149|0x0000000089500000, 0x0000000089600000, 0x0000000089600000|100%| O|  |TAMS 0x0000000089600000, 0x0000000089500000| Untracked 
| 150|0x0000000089600000, 0x0000000089700000, 0x0000000089700000|100%| O|  |TAMS 0x0000000089700000, 0x0000000089600000| Untracked 
| 151|0x0000000089700000, 0x0000000089800000, 0x0000000089800000|100%| O|  |TAMS 0x0000000089800000, 0x0000000089700000| Untracked 
| 152|0x0000000089800000, 0x0000000089900000, 0x0000000089900000|100%| O|  |TAMS 0x0000000089900000, 0x0000000089800000| Untracked 
| 153|0x0000000089900000, 0x0000000089a00000, 0x0000000089a00000|100%| O|  |TAMS 0x0000000089a00000, 0x0000000089900000| Untracked 
| 154|0x0000000089a00000, 0x0000000089b00000, 0x0000000089b00000|100%| O|  |TAMS 0x0000000089b00000, 0x0000000089a00000| Untracked 
| 155|0x0000000089b00000, 0x0000000089c00000, 0x0000000089c00000|100%| O|  |TAMS 0x0000000089b00000, 0x0000000089b00000| Untracked 
| 156|0x0000000089c00000, 0x0000000089d00000, 0x0000000089d00000|100%| O|  |TAMS 0x0000000089c00000, 0x0000000089c00000| Untracked 
| 157|0x0000000089d00000, 0x0000000089e00000, 0x0000000089e00000|100%| O|  |TAMS 0x0000000089d00000, 0x0000000089d00000| Untracked 
| 158|0x0000000089e00000, 0x0000000089f00000, 0x0000000089f00000|100%| O|  |TAMS 0x0000000089e00000, 0x0000000089e00000| Untracked 
| 159|0x0000000089f00000, 0x000000008a000000, 0x000000008a000000|100%| O|  |TAMS 0x0000000089f00000, 0x0000000089f00000| Untracked 
| 160|0x000000008a000000, 0x000000008a100000, 0x000000008a100000|100%| O|  |TAMS 0x000000008a000000, 0x000000008a000000| Untracked 
| 161|0x000000008a100000, 0x000000008a200000, 0x000000008a200000|100%| O|  |TAMS 0x000000008a100000, 0x000000008a100000| Untracked 
| 162|0x000000008a200000, 0x000000008a300000, 0x000000008a300000|100%| O|  |TAMS 0x000000008a200000, 0x000000008a200000| Untracked 
| 163|0x000000008a300000, 0x000000008a400000, 0x000000008a400000|100%| O|  |TAMS 0x000000008a300000, 0x000000008a300000| Untracked 
| 164|0x000000008a400000, 0x000000008a500000, 0x000000008a500000|100%| O|  |TAMS 0x000000008a400000, 0x000000008a400000| Untracked 
| 165|0x000000008a500000, 0x000000008a600000, 0x000000008a600000|100%| O|  |TAMS 0x000000008a500000, 0x000000008a500000| Untracked 
| 166|0x000000008a600000, 0x000000008a700000, 0x000000008a700000|100%| O|  |TAMS 0x000000008a600000, 0x000000008a600000| Untracked 
| 167|0x000000008a700000, 0x000000008a800000, 0x000000008a800000|100%| O|  |TAMS 0x000000008a700000, 0x000000008a700000| Untracked 
| 168|0x000000008a800000, 0x000000008a900000, 0x000000008a900000|100%| O|  |TAMS 0x000000008a800000, 0x000000008a800000| Untracked 
| 169|0x000000008a900000, 0x000000008aa00000, 0x000000008aa00000|100%| O|  |TAMS 0x000000008a900000, 0x000000008a900000| Untracked 
| 170|0x000000008aa00000, 0x000000008ab00000, 0x000000008ab00000|100%| O|  |TAMS 0x000000008aa00000, 0x000000008aa00000| Untracked 
| 171|0x000000008ab00000, 0x000000008ac00000, 0x000000008ac00000|100%| O|  |TAMS 0x000000008ab00000, 0x000000008ab00000| Untracked 
| 172|0x000000008ac00000, 0x000000008ad00000, 0x000000008ad00000|100%| O|  |TAMS 0x000000008ac00000, 0x000000008ac00000| Untracked 
| 173|0x000000008ad00000, 0x000000008ae00000, 0x000000008ae00000|100%| O|  |TAMS 0x000000008ad00000, 0x000000008ad00000| Untracked 
| 174|0x000000008ae00000, 0x000000008af00000, 0x000000008af00000|100%| O|  |TAMS 0x000000008ae00000, 0x000000008ae00000| Untracked 
| 175|0x000000008af00000, 0x000000008b000000, 0x000000008b000000|100%| O|  |TAMS 0x000000008af00000, 0x000000008af00000| Untracked 
| 176|0x000000008b000000, 0x000000008b100000, 0x000000008b100000|100%| O|  |TAMS 0x000000008b000000, 0x000000008b000000| Untracked 
| 177|0x000000008b100000, 0x000000008b200000, 0x000000008b200000|100%| O|  |TAMS 0x000000008b100000, 0x000000008b100000| Untracked 
| 178|0x000000008b200000, 0x000000008b300000, 0x000000008b300000|100%| O|  |TAMS 0x000000008b200000, 0x000000008b200000| Untracked 
| 179|0x000000008b300000, 0x000000008b400000, 0x000000008b400000|100%| O|  |TAMS 0x000000008b300000, 0x000000008b300000| Untracked 
| 180|0x000000008b400000, 0x000000008b500000, 0x000000008b500000|100%| O|  |TAMS 0x000000008b400000, 0x000000008b400000| Untracked 
| 181|0x000000008b500000, 0x000000008b600000, 0x000000008b600000|100%| O|  |TAMS 0x000000008b500000, 0x000000008b500000| Untracked 
| 182|0x000000008b600000, 0x000000008b700000, 0x000000008b700000|100%| O|  |TAMS 0x000000008b600000, 0x000000008b600000| Untracked 
| 183|0x000000008b700000, 0x000000008b800000, 0x000000008b800000|100%| O|  |TAMS 0x000000008b700000, 0x000000008b700000| Untracked 
| 184|0x000000008b800000, 0x000000008b900000, 0x000000008b900000|100%| O|  |TAMS 0x000000008b800000, 0x000000008b800000| Untracked 
| 185|0x000000008b900000, 0x000000008b98e218, 0x000000008ba00000| 55%| O|  |TAMS 0x000000008b900000, 0x000000008b900000| Untracked 
| 186|0x000000008ba00000, 0x000000008ba00000, 0x000000008bb00000|  0%| F|  |TAMS 0x000000008ba00000, 0x000000008ba00000| Untracked 
| 187|0x000000008bb00000, 0x000000008bb00000, 0x000000008bc00000|  0%| F|  |TAMS 0x000000008bb00000, 0x000000008bb00000| Untracked 
| 188|0x000000008bc00000, 0x000000008bc00000, 0x000000008bd00000|  0%| F|  |TAMS 0x000000008bc00000, 0x000000008bc00000| Untracked 
| 189|0x000000008bd00000, 0x000000008bd00000, 0x000000008be00000|  0%| F|  |TAMS 0x000000008bd00000, 0x000000008bd00000| Untracked 
| 190|0x000000008be00000, 0x000000008be00000, 0x000000008bf00000|  0%| F|  |TAMS 0x000000008be00000, 0x000000008be00000| Untracked 
| 191|0x000000008bf00000, 0x000000008bf00000, 0x000000008c000000|  0%| F|  |TAMS 0x000000008bf00000, 0x000000008bf00000| Untracked 
| 192|0x000000008c000000, 0x000000008c000000, 0x000000008c100000|  0%| F|  |TAMS 0x000000008c000000, 0x000000008c000000| Untracked 
| 193|0x000000008c100000, 0x000000008c100000, 0x000000008c200000|  0%| F|  |TAMS 0x000000008c100000, 0x000000008c100000| Untracked 
| 194|0x000000008c200000, 0x000000008c200000, 0x000000008c300000|  0%| F|  |TAMS 0x000000008c200000, 0x000000008c200000| Untracked 
| 195|0x000000008c300000, 0x000000008c300000, 0x000000008c400000|  0%| F|  |TAMS 0x000000008c300000, 0x000000008c300000| Untracked 
| 196|0x000000008c400000, 0x000000008c400000, 0x000000008c500000|  0%| F|  |TAMS 0x000000008c400000, 0x000000008c400000| Untracked 
| 197|0x000000008c500000, 0x000000008c500000, 0x000000008c600000|  0%| F|  |TAMS 0x000000008c500000, 0x000000008c500000| Untracked 
| 198|0x000000008c600000, 0x000000008c600000, 0x000000008c700000|  0%| F|  |TAMS 0x000000008c600000, 0x000000008c600000| Untracked 
| 199|0x000000008c700000, 0x000000008c700000, 0x000000008c800000|  0%| F|  |TAMS 0x000000008c700000, 0x000000008c700000| Untracked 
| 200|0x000000008c800000, 0x000000008c800000, 0x000000008c900000|  0%| F|  |TAMS 0x000000008c800000, 0x000000008c800000| Untracked 
| 201|0x000000008c900000, 0x000000008c900000, 0x000000008ca00000|  0%| F|  |TAMS 0x000000008c900000, 0x000000008c900000| Untracked 
| 202|0x000000008ca00000, 0x000000008ca00000, 0x000000008cb00000|  0%| F|  |TAMS 0x000000008ca00000, 0x000000008ca00000| Untracked 
| 203|0x000000008cb00000, 0x000000008cb00000, 0x000000008cc00000|  0%| F|  |TAMS 0x000000008cb00000, 0x000000008cb00000| Untracked 
| 204|0x000000008cc00000, 0x000000008cc00000, 0x000000008cd00000|  0%| F|  |TAMS 0x000000008cc00000, 0x000000008cc00000| Untracked 
| 205|0x000000008cd00000, 0x000000008cd00000, 0x000000008ce00000|  0%| F|  |TAMS 0x000000008cd00000, 0x000000008cd00000| Untracked 
| 206|0x000000008ce00000, 0x000000008ce00000, 0x000000008cf00000|  0%| F|  |TAMS 0x000000008ce00000, 0x000000008ce00000| Untracked 
| 207|0x000000008cf00000, 0x000000008d000000, 0x000000008d000000|100%| E|CS|TAMS 0x000000008cf00000, 0x000000008cf00000| Complete 
| 208|0x000000008d000000, 0x000000008d100000, 0x000000008d100000|100%| E|CS|TAMS 0x000000008d000000, 0x000000008d000000| Complete 
| 209|0x000000008d100000, 0x000000008d100000, 0x000000008d200000|  0%| F|  |TAMS 0x000000008d100000, 0x000000008d100000| Untracked 
| 210|0x000000008d200000, 0x000000008d200000, 0x000000008d300000|  0%| F|  |TAMS 0x000000008d200000, 0x000000008d200000| Untracked 
| 211|0x000000008d300000, 0x000000008d400000, 0x000000008d400000|100%| S|  |TAMS 0x000000008d300000, 0x000000008d300000| Complete 
| 212|0x000000008d400000, 0x000000008d500000, 0x000000008d500000|100%| S|  |TAMS 0x000000008d400000, 0x000000008d400000| Complete 
| 213|0x000000008d500000, 0x000000008d600000, 0x000000008d600000|100%| E|CS|TAMS 0x000000008d500000, 0x000000008d500000| Complete 
| 214|0x000000008d600000, 0x000000008d700000, 0x000000008d700000|100%| E|CS|TAMS 0x000000008d600000, 0x000000008d600000| Complete 
| 215|0x000000008d700000, 0x000000008d800000, 0x000000008d800000|100%| E|CS|TAMS 0x000000008d700000, 0x000000008d700000| Complete 
| 216|0x000000008d800000, 0x000000008d900000, 0x000000008d900000|100%| E|CS|TAMS 0x000000008d800000, 0x000000008d800000| Complete 
| 217|0x000000008d900000, 0x000000008da00000, 0x000000008da00000|100%| E|CS|TAMS 0x000000008d900000, 0x000000008d900000| Complete 
| 218|0x000000008da00000, 0x000000008db00000, 0x000000008db00000|100%| E|CS|TAMS 0x000000008da00000, 0x000000008da00000| Complete 
| 219|0x000000008db00000, 0x000000008dc00000, 0x000000008dc00000|100%| E|CS|TAMS 0x000000008db00000, 0x000000008db00000| Complete 
| 220|0x000000008dc00000, 0x000000008dd00000, 0x000000008dd00000|100%| E|CS|TAMS 0x000000008dc00000, 0x000000008dc00000| Complete 
| 221|0x000000008dd00000, 0x000000008de00000, 0x000000008de00000|100%| E|CS|TAMS 0x000000008dd00000, 0x000000008dd00000| Complete 

Card table byte_map: [0x000001f3dac10000,0x000001f3db010000] _byte_map_base: 0x000001f3da810000

Marking Bits (Prev, Next): (CMBitMap*) 0x000001f3c2acebe8, (CMBitMap*) 0x000001f3c2acec20
 Prev Bits: [0x000001f3db410000, 0x000001f3dd410000)
 Next Bits: [0x000001f3dd410000, 0x000001f3df410000)

Polling page: 0x000001f3c11d0000

Metaspace:

Usage:
  Non-class:    105.33 MB capacity,   101.99 MB ( 97%) used,     2.92 MB (  3%) free+waste,   427.75 KB ( <1%) overhead. 
      Class:     17.03 MB capacity,    15.08 MB ( 89%) used,     1.76 MB ( 10%) free+waste,   196.75 KB (  1%) overhead. 
       Both:    122.35 MB capacity,   117.06 MB ( 96%) used,     4.68 MB (  4%) free+waste,   624.50 KB ( <1%) overhead. 

Virtual space:
  Non-class space:      106.00 MB reserved,     105.48 MB (>99%) committed 
      Class space:      504.00 MB reserved,      17.07 MB (  3%) committed 
             Both:      610.00 MB reserved,     122.55 MB ( 20%) committed 

Chunk freelists:
   Non-Class:  30.00 KB
       Class:  3.00 KB
        Both:  33.00 KB

MaxMetaspaceSize: 512.00 MB
CompressedClassSpaceSize: 504.00 MB
Initial GC threshold: 20.80 MB
Current GC threshold: 190.72 MB
CDS: off

CodeHeap 'non-profiled nmethods': size=120064Kb used=13367Kb max_used=13630Kb free=106696Kb
 bounds [0x000001f3d2cb0000, 0x000001f3d3a10000, 0x000001f3da1f0000]
CodeHeap 'profiled nmethods': size=120000Kb used=39670Kb max_used=39901Kb free=80329Kb
 bounds [0x000001f3cb780000, 0x000001f3cde90000, 0x000001f3d2cb0000]
CodeHeap 'non-nmethods': size=5696Kb used=2408Kb max_used=2460Kb free=3287Kb
 bounds [0x000001f3cb1f0000, 0x000001f3cb460000, 0x000001f3cb780000]
 total_blobs=18744 nmethods=17810 adapters=845
 compilation: enabled
              stopped_count=0, restarted_count=0
 full_count=0

Compilation events (20 events):
Event: 207.817 Thread 0x000001f3e2349000 nmethod 18713 0x000001f3cb962c90 code [0x000001f3cb962e60, 0x000001f3cb963178]
Event: 207.930 Thread 0x000001f3e2349000 18714       3       org.apache.xerces.impl.XMLScanner::normalizeWhitespace (50 bytes)
Event: 207.930 Thread 0x000001f3e2349000 nmethod 18714 0x000001f3cb962710 code [0x000001f3cb9628e0, 0x000001f3cb962b38]
Event: 208.049 Thread 0x000001f3e1a49800 18715   !   4       com.android.utils.PositionXmlParser$DomBuilder::startElement (272 bytes)
Event: 208.075 Thread 0x000001f3e2349000 18716   !   3       com.android.ide.common.resources.configuration.NetworkCodeQualifier::checkAndSet (60 bytes)
Event: 208.076 Thread 0x000001f3e2349000 nmethod 18716 0x000001f3cbada590 code [0x000001f3cbada7c0, 0x000001f3cbadaed8]
Event: 208.077 Thread 0x000001f3e2349000 18717       3       com.android.ide.common.resources.configuration.LocaleQualifier::<init> (147 bytes)
Event: 208.078 Thread 0x000001f3e2349000 nmethod 18717 0x000001f3cbad8390 code [0x000001f3cbad8740, 0x000001f3cbad9e88]
Event: 208.137 Thread 0x000001f3e1a49800 nmethod 18715 0x000001f3d2df2210 code [0x000001f3d2df25e0, 0x000001f3d2df58f8]
Event: 208.162 Thread 0x000001f3e2349000 18718       3       java.util.WeakHashMap::resize (86 bytes)
Event: 208.162 Thread 0x000001f3e2349000 nmethod 18718 0x000001f3cbad7a10 code [0x000001f3cbad7c20, 0x000001f3cbad8158]
Event: 208.467 Thread 0x000001f3e1a49800 18719       4       org.apache.xerces.impl.dtd.XMLDTDValidator::getPropertyDefault (36 bytes)
Event: 208.471 Thread 0x000001f3e1a49800 nmethod 18719 0x000001f3d2d09c10 code [0x000001f3d2d09da0, 0x000001f3d2d0a0d8]
Event: 208.520 Thread 0x000001f3e2349000 18720       3       org.apache.xerces.impl.XMLScanner::scanXMLDeclOrTextDecl (611 bytes)
Event: 208.521 Thread 0x000001f3e1a49800 18722       4       org.apache.xerces.impl.XMLNSDocumentScannerImpl::scanEndElement (190 bytes)
Event: 208.524 Thread 0x000001f3e2349000 nmethod 18720 0x000001f3cbbbba10 code [0x000001f3cbbbc2a0, 0x000001f3cbbc1ef8]
Event: 208.524 Thread 0x000001f3e2349000 18721       3       org.apache.xerces.impl.XMLEntityScanner::setEncoding (247 bytes)
Event: 208.524 Thread 0x000001f3e2349000 nmethod 18721 0x000001f3cbad6290 code [0x000001f3cbad65c0, 0x000001f3cbad7438]
Event: 208.562 Thread 0x000001f3e2349000 18725       3       org.apache.xerces.impl.XMLVersionDetector::<init> (126 bytes)
Event: 208.562 Thread 0x000001f3e2349000 nmethod 18725 0x000001f3cbbbb410 code [0x000001f3cbbbb5c0, 0x000001f3cbbbb8f8]

GC Heap History (20 events):
Event: 173.112 GC heap after
{Heap after GC invocations=71 (full 0):
 garbage-first heap   total 227328K, used 175150K [0x0000000080000000, 0x0000000100000000)
  region size 1024K, 3 young (3072K), 3 survivors (3072K)
 Metaspace       used 117180K, capacity 122614K, committed 122680K, reserved 622592K
  class space    used 15200K, capacity 17175K, committed 17228K, reserved 516096K
}
Event: 181.213 GC heap before
{Heap before GC invocations=71 (full 0):
 garbage-first heap   total 227328K, used 195630K [0x0000000080000000, 0x0000000100000000)
  region size 1024K, 24 young (24576K), 3 survivors (3072K)
 Metaspace       used 117387K, capacity 122793K, committed 122936K, reserved 622592K
  class space    used 15204K, capacity 17177K, committed 17228K, reserved 516096K
}
Event: 181.217 GC heap after
{Heap after GC invocations=72 (full 0):
 garbage-first heap   total 227328K, used 176609K [0x0000000080000000, 0x0000000100000000)
  region size 1024K, 3 young (3072K), 3 survivors (3072K)
 Metaspace       used 117387K, capacity 122793K, committed 122936K, reserved 622592K
  class space    used 15204K, capacity 17177K, committed 17228K, reserved 516096K
}
Event: 187.276 GC heap before
{Heap before GC invocations=72 (full 0):
 garbage-first heap   total 227328K, used 197089K [0x0000000080000000, 0x0000000100000000)
  region size 1024K, 24 young (24576K), 3 survivors (3072K)
 Metaspace       used 117407K, capacity 122800K, committed 122936K, reserved 622592K
  class space    used 15204K, capacity 17177K, committed 17228K, reserved 516096K
}
Event: 187.280 GC heap after
{Heap after GC invocations=73 (full 0):
 garbage-first heap   total 227328K, used 177993K [0x0000000080000000, 0x0000000100000000)
  region size 1024K, 3 young (3072K), 3 survivors (3072K)
 Metaspace       used 117407K, capacity 122800K, committed 122936K, reserved 622592K
  class space    used 15204K, capacity 17177K, committed 17228K, reserved 516096K
}
Event: 190.367 GC heap before
{Heap before GC invocations=73 (full 0):
 garbage-first heap   total 227328K, used 196425K [0x0000000080000000, 0x0000000100000000)
  region size 1024K, 22 young (22528K), 3 survivors (3072K)
 Metaspace       used 118015K, capacity 123438K, committed 123576K, reserved 622592K
  class space    used 15275K, capacity 17271K, committed 17356K, reserved 516096K
}
Event: 190.370 GC heap after
{Heap after GC invocations=74 (full 0):
 garbage-first heap   total 227328K, used 178966K [0x0000000080000000, 0x0000000100000000)
  region size 1024K, 3 young (3072K), 3 survivors (3072K)
 Metaspace       used 118015K, capacity 123438K, committed 123576K, reserved 622592K
  class space    used 15275K, capacity 17271K, committed 17356K, reserved 516096K
}
Event: 195.576 GC heap before
{Heap before GC invocations=74 (full 0):
 garbage-first heap   total 227328K, used 197398K [0x0000000080000000, 0x0000000100000000)
  region size 1024K, 22 young (22528K), 3 survivors (3072K)
 Metaspace       used 118284K, capacity 123740K, committed 123832K, reserved 624640K
  class space    used 15298K, capacity 17290K, committed 17356K, reserved 516096K
}
Event: 195.580 GC heap after
{Heap after GC invocations=75 (full 0):
 garbage-first heap   total 227328K, used 179994K [0x0000000080000000, 0x0000000100000000)
  region size 1024K, 2 young (2048K), 2 survivors (2048K)
 Metaspace       used 118284K, capacity 123740K, committed 123832K, reserved 624640K
  class space    used 15298K, capacity 17290K, committed 17356K, reserved 516096K
}
Event: 198.085 GC heap before
{Heap before GC invocations=75 (full 0):
 garbage-first heap   total 227328K, used 198426K [0x0000000080000000, 0x0000000100000000)
  region size 1024K, 21 young (21504K), 2 survivors (2048K)
 Metaspace       used 119156K, capacity 124676K, committed 124984K, reserved 624640K
  class space    used 15401K, capacity 17403K, committed 17484K, reserved 516096K
}
Event: 198.093 GC heap after
{Heap after GC invocations=76 (full 0):
 garbage-first heap   total 227328K, used 181224K [0x0000000080000000, 0x0000000100000000)
  region size 1024K, 3 young (3072K), 3 survivors (3072K)
 Metaspace       used 119156K, capacity 124676K, committed 124984K, reserved 624640K
  class space    used 15401K, capacity 17403K, committed 17484K, reserved 516096K
}
Event: 201.015 GC heap before
{Heap before GC invocations=76 (full 0):
 garbage-first heap   total 227328K, used 198632K [0x0000000080000000, 0x0000000100000000)
  region size 1024K, 21 young (21504K), 3 survivors (3072K)
 Metaspace       used 119510K, capacity 124971K, committed 125240K, reserved 624640K
  class space    used 15436K, capacity 17437K, committed 17484K, reserved 516096K
}
Event: 201.019 GC heap after
{Heap after GC invocations=77 (full 0):
 garbage-first heap   total 227328K, used 182449K [0x0000000080000000, 0x0000000100000000)
  region size 1024K, 3 young (3072K), 3 survivors (3072K)
 Metaspace       used 119510K, capacity 124971K, committed 125240K, reserved 624640K
  class space    used 15436K, capacity 17437K, committed 17484K, reserved 516096K
}
Event: 202.709 GC heap before
{Heap before GC invocations=77 (full 0):
 garbage-first heap   total 227328K, used 198833K [0x0000000080000000, 0x0000000100000000)
  region size 1024K, 20 young (20480K), 3 survivors (3072K)
 Metaspace       used 119691K, capacity 125099K, committed 125240K, reserved 624640K
  class space    used 15436K, capacity 17437K, committed 17484K, reserved 516096K
}
Event: 202.720 GC heap after
{Heap after GC invocations=78 (full 0):
 garbage-first heap   total 227328K, used 183407K [0x0000000080000000, 0x0000000100000000)
  region size 1024K, 3 young (3072K), 3 survivors (3072K)
 Metaspace       used 119691K, capacity 125099K, committed 125240K, reserved 624640K
  class space    used 15436K, capacity 17437K, committed 17484K, reserved 516096K
}
Event: 205.684 GC heap before
{Heap before GC invocations=78 (full 0):
 garbage-first heap   total 227328K, used 199791K [0x0000000080000000, 0x0000000100000000)
  region size 1024K, 19 young (19456K), 3 survivors (3072K)
 Metaspace       used 119808K, capacity 125227K, committed 125496K, reserved 624640K
  class space    used 15436K, capacity 17437K, committed 17484K, reserved 516096K
}
Event: 205.688 GC heap after
{Heap after GC invocations=79 (full 0):
 garbage-first heap   total 227328K, used 185618K [0x0000000080000000, 0x0000000100000000)
  region size 1024K, 3 young (3072K), 3 survivors (3072K)
 Metaspace       used 119808K, capacity 125227K, committed 125496K, reserved 624640K
  class space    used 15436K, capacity 17437K, committed 17484K, reserved 516096K
}
Event: 207.608 GC heap before
{Heap before GC invocations=79 (full 0):
 garbage-first heap   total 227328K, used 197906K [0x0000000080000000, 0x0000000100000000)
  region size 1024K, 16 young (16384K), 3 survivors (3072K)
 Metaspace       used 119844K, capacity 125291K, committed 125496K, reserved 624640K
  class space    used 15436K, capacity 17437K, committed 17484K, reserved 516096K
}
Event: 207.612 GC heap after
{Heap after GC invocations=80 (full 0):
 garbage-first heap   total 227328K, used 189398K [0x0000000080000000, 0x0000000100000000)
  region size 1024K, 2 young (2048K), 2 survivors (2048K)
 Metaspace       used 119844K, capacity 125291K, committed 125496K, reserved 624640K
  class space    used 15436K, capacity 17437K, committed 17484K, reserved 516096K
}
Event: 208.611 GC heap before
{Heap before GC invocations=80 (full 0):
 garbage-first heap   total 227328K, used 198614K [0x0000000080000000, 0x0000000100000000)
  region size 1024K, 11 young (11264K), 2 survivors (2048K)
 Metaspace       used 119871K, capacity 125291K, committed 125496K, reserved 624640K
  class space    used 15436K, capacity 17437K, committed 17484K, reserved 516096K
}

Deoptimization events (20 events):
Event: 202.952 Thread 0x000001f3e7d26800 DEOPT PACKING pc=0x000001f3d31bb480 sp=0x0000001f71ff8a80
Event: 202.952 Thread 0x000001f3e7d26800 DEOPT UNPACKING pc=0x000001f3cb23a1af sp=0x0000001f71ff8a00 mode 2
Event: 203.066 Thread 0x000001f3e7d26800 DEOPT PACKING pc=0x000001f3cb8222ac sp=0x0000001f71ff8fe0
Event: 203.067 Thread 0x000001f3e7d26800 DEOPT UNPACKING pc=0x000001f3cb23a95e sp=0x0000001f71ff8500 mode 0
Event: 203.525 Thread 0x000001f3e7d26800 DEOPT PACKING pc=0x000001f3cb8222ac sp=0x0000001f71ff8fe0
Event: 203.525 Thread 0x000001f3e7d26800 DEOPT UNPACKING pc=0x000001f3cb23a95e sp=0x0000001f71ff8500 mode 0
Event: 204.192 Thread 0x000001f3e7d26800 DEOPT PACKING pc=0x000001f3cb8222ac sp=0x0000001f71ff8fe0
Event: 204.192 Thread 0x000001f3e7d26800 DEOPT UNPACKING pc=0x000001f3cb23a95e sp=0x0000001f71ff8500 mode 0
Event: 204.200 Thread 0x000001f3e7d26800 DEOPT PACKING pc=0x000001f3cb8224fa sp=0x0000001f71ff8f20
Event: 204.200 Thread 0x000001f3e7d26800 DEOPT UNPACKING pc=0x000001f3cb23a95e sp=0x0000001f71ff8440 mode 0
Event: 204.210 Thread 0x000001f3e7d26800 DEOPT PACKING pc=0x000001f3cb8222ac sp=0x0000001f71ff8f20
Event: 204.210 Thread 0x000001f3e7d26800 DEOPT UNPACKING pc=0x000001f3cb23a95e sp=0x0000001f71ff8440 mode 0
Event: 204.217 Thread 0x000001f3e7d26800 DEOPT PACKING pc=0x000001f3cb8224fa sp=0x0000001f71ff8f20
Event: 204.217 Thread 0x000001f3e7d26800 DEOPT UNPACKING pc=0x000001f3cb23a95e sp=0x0000001f71ff8440 mode 0
Event: 204.226 Thread 0x000001f3e7d26800 DEOPT PACKING pc=0x000001f3cb8224fa sp=0x0000001f71ff8f20
Event: 204.226 Thread 0x000001f3e7d26800 DEOPT UNPACKING pc=0x000001f3cb23a95e sp=0x0000001f71ff8440 mode 0
Event: 204.234 Thread 0x000001f3e7d26800 DEOPT PACKING pc=0x000001f3cb8224fa sp=0x0000001f71ff8f20
Event: 204.234 Thread 0x000001f3e7d26800 DEOPT UNPACKING pc=0x000001f3cb23a95e sp=0x0000001f71ff8440 mode 0
Event: 204.242 Thread 0x000001f3e7d26800 DEOPT PACKING pc=0x000001f3cb8224fa sp=0x0000001f71ff8f20
Event: 204.242 Thread 0x000001f3e7d26800 DEOPT UNPACKING pc=0x000001f3cb23a95e sp=0x0000001f71ff8440 mode 0

Classes redefined (0 events):
No events

Internal exceptions (20 events):
Event: 197.628 Thread 0x000001f3e7d26800 Exception <a 'sun/nio/fs/WindowsException'{0x000000008d0a38a0}> (0x000000008d0a38a0) thrown at [./src/hotspot/share/prims/jni.cpp, line 617]
Event: 197.696 Thread 0x000001f3e7d26800 Exception <a 'sun/nio/fs/WindowsException'{0x000000008d0a4e50}> (0x000000008d0a4e50) thrown at [./src/hotspot/share/prims/jni.cpp, line 617]
Event: 197.724 Thread 0x000001f3e7d26800 Exception <a 'sun/nio/fs/WindowsException'{0x000000008d0a6428}> (0x000000008d0a6428) thrown at [./src/hotspot/share/prims/jni.cpp, line 617]
Event: 197.726 Thread 0x000001f3e7d26800 Exception <a 'sun/nio/fs/WindowsException'{0x000000008d0a8740}> (0x000000008d0a8740) thrown at [./src/hotspot/share/prims/jni.cpp, line 617]
Event: 197.729 Thread 0x000001f3e7d26800 Exception <a 'sun/nio/fs/WindowsException'{0x000000008d0a9cd8}> (0x000000008d0a9cd8) thrown at [./src/hotspot/share/prims/jni.cpp, line 617]
Event: 197.731 Thread 0x000001f3e7d26800 Exception <a 'sun/nio/fs/WindowsException'{0x000000008d0ab298}> (0x000000008d0ab298) thrown at [./src/hotspot/share/prims/jni.cpp, line 617]
Event: 197.733 Thread 0x000001f3e7d26800 Exception <a 'sun/nio/fs/WindowsException'{0x000000008d0ac858}> (0x000000008d0ac858) thrown at [./src/hotspot/share/prims/jni.cpp, line 617]
Event: 197.750 Thread 0x000001f3e7d26800 Exception <a 'sun/nio/fs/WindowsException'{0x000000008d0ae0e8}> (0x000000008d0ae0e8) thrown at [./src/hotspot/share/prims/jni.cpp, line 617]
Event: 197.752 Thread 0x000001f3e7d26800 Exception <a 'sun/nio/fs/WindowsException'{0x000000008d0af648}> (0x000000008d0af648) thrown at [./src/hotspot/share/prims/jni.cpp, line 617]
Event: 197.776 Thread 0x000001f3e7d26800 Exception <a 'sun/nio/fs/WindowsException'{0x000000008d0b0c18}> (0x000000008d0b0c18) thrown at [./src/hotspot/share/prims/jni.cpp, line 617]
Event: 197.777 Thread 0x000001f3e7d26800 Exception <a 'sun/nio/fs/WindowsException'{0x000000008d0b25d0}> (0x000000008d0b25d0) thrown at [./src/hotspot/share/prims/jni.cpp, line 617]
Event: 197.778 Thread 0x000001f3e7d26800 Exception <a 'sun/nio/fs/WindowsException'{0x000000008d0b3be8}> (0x000000008d0b3be8) thrown at [./src/hotspot/share/prims/jni.cpp, line 617]
Event: 197.779 Thread 0x000001f3e7d26800 Exception <a 'sun/nio/fs/WindowsException'{0x000000008d0b5208}> (0x000000008d0b5208) thrown at [./src/hotspot/share/prims/jni.cpp, line 617]
Event: 197.780 Thread 0x000001f3e7d26800 Exception <a 'sun/nio/fs/WindowsException'{0x000000008d0b6810}> (0x000000008d0b6810) thrown at [./src/hotspot/share/prims/jni.cpp, line 617]
Event: 197.781 Thread 0x000001f3e7d26800 Exception <a 'sun/nio/fs/WindowsException'{0x000000008d0b80c0}> (0x000000008d0b80c0) thrown at [./src/hotspot/share/prims/jni.cpp, line 617]
Event: 197.782 Thread 0x000001f3e7d26800 Exception <a 'sun/nio/fs/WindowsException'{0x000000008d0b9680}> (0x000000008d0b9680) thrown at [./src/hotspot/share/prims/jni.cpp, line 617]
Event: 197.809 Thread 0x000001f3e7d26800 Exception <a 'sun/nio/fs/WindowsException'{0x000000008cffe5a0}> (0x000000008cffe5a0) thrown at [./src/hotspot/share/prims/jni.cpp, line 617]
Event: 197.809 Thread 0x000001f3e7d26800 Exception <a 'sun/nio/fs/WindowsException'{0x000000008cfff6f0}> (0x000000008cfff6f0) thrown at [./src/hotspot/share/prims/jni.cpp, line 617]
Event: 197.944 Thread 0x000001f3e7d26800 Exception <a 'sun/nio/fs/WindowsException'{0x000000008cd1bfb0}> (0x000000008cd1bfb0) thrown at [./src/hotspot/share/prims/jni.cpp, line 617]
Event: 197.944 Thread 0x000001f3e7d26800 Exception <a 'sun/nio/fs/WindowsException'{0x000000008cd1d118}> (0x000000008cd1d118) thrown at [./src/hotspot/share/prims/jni.cpp, line 617]

Events (20 events):
Event: 200.714 loading class com/android/resources/Keyboard done
Event: 200.714 loading class com/android/resources/NavigationState
Event: 200.714 loading class com/android/resources/NavigationState done
Event: 200.715 loading class com/android/resources/Navigation
Event: 200.715 loading class com/android/resources/Navigation done
Event: 201.015 Executing VM operation: G1CollectForAllocation
Event: 201.019 Executing VM operation: G1CollectForAllocation done
Event: 201.399 Thread 0x000001f3e2347000 Thread added: 0x000001f3e2347000
Event: 201.784 Thread 0x000001f3e2347000 Thread exited: 0x000001f3e2347000
Event: 202.709 Executing VM operation: G1CollectForAllocation
Event: 202.720 Executing VM operation: G1CollectForAllocation done
Event: 204.403 Thread 0x000001f3e2347000 Thread added: 0x000001f3e2347000
Event: 205.180 Thread 0x000001f3e2347000 Thread exited: 0x000001f3e2347000
Event: 205.684 Executing VM operation: G1CollectForAllocation
Event: 205.688 Executing VM operation: G1CollectForAllocation done
Event: 206.440 Thread 0x000001f3e2347000 Thread added: 0x000001f3e2347000
Event: 207.055 Thread 0x000001f3e2347000 Thread exited: 0x000001f3e2347000
Event: 207.607 Executing VM operation: G1CollectForAllocation
Event: 207.612 Executing VM operation: G1CollectForAllocation done
Event: 208.611 Executing VM operation: G1CollectForAllocation


Dynamic libraries:
0x00007ff6cec10000 - 0x00007ff6cec1d000 	C:\Program Files\OpenJDK\openjdk-11.0.16_8\bin\java.exe
0x00007ffd7c510000 - 0x00007ffd7c705000 	C:\Windows\SYSTEM32\ntdll.dll
0x00007ffd7b3c0000 - 0x00007ffd7b47e000 	C:\Windows\System32\KERNEL32.DLL
0x00007ffd79fa0000 - 0x00007ffd7a269000 	C:\Windows\System32\KERNELBASE.dll
0x00007ffd79e20000 - 0x00007ffd79f20000 	C:\Windows\System32\ucrtbase.dll
0x00007ffd749c0000 - 0x00007ffd749d5000 	C:\Program Files\OpenJDK\openjdk-11.0.16_8\bin\VCRUNTIME140.dll
0x00007ffd68c30000 - 0x00007ffd68c47000 	C:\Program Files\OpenJDK\openjdk-11.0.16_8\bin\jli.dll
0x00007ffd7a560000 - 0x00007ffd7a701000 	C:\Windows\System32\USER32.dll
0x00007ffd60c00000 - 0x00007ffd60e9a000 	C:\Windows\WinSxS\amd64_microsoft.windows.common-controls_6595b64144ccf1df_6.0.19041.1110_none_60b5254171f9507e\COMCTL32.dll
0x00007ffd79d40000 - 0x00007ffd79d62000 	C:\Windows\System32\win32u.dll
0x00007ffd7a900000 - 0x00007ffd7a92b000 	C:\Windows\System32\GDI32.dll
0x00007ffd7bd30000 - 0x00007ffd7bdce000 	C:\Windows\System32\msvcrt.dll
0x00007ffd79c30000 - 0x00007ffd79d3b000 	C:\Windows\System32\gdi32full.dll
0x00007ffd7a270000 - 0x00007ffd7a30d000 	C:\Windows\System32\msvcp_win.dll
0x00007ffd7a930000 - 0x00007ffd7a960000 	C:\Windows\System32\IMM32.DLL
0x00007ffd66b60000 - 0x00007ffd66bfb000 	C:\Program Files\OpenJDK\openjdk-11.0.16_8\bin\msvcp140.dll
0x00007ffd00f00000 - 0x00007ffd01a0e000 	C:\Program Files\OpenJDK\openjdk-11.0.16_8\bin\server\jvm.dll
0x00007ffd7a720000 - 0x00007ffd7a7cc000 	C:\Windows\System32\ADVAPI32.dll
0x00007ffd7bdd0000 - 0x00007ffd7be6b000 	C:\Windows\System32\sechost.dll
0x00007ffd7a7d0000 - 0x00007ffd7a8fa000 	C:\Windows\System32\RPCRT4.dll
0x00007ffd7c160000 - 0x00007ffd7c168000 	C:\Windows\System32\PSAPI.DLL
0x00007ffd6a610000 - 0x00007ffd6a619000 	C:\Windows\SYSTEM32\WSOCK32.dll
0x00007ffd71720000 - 0x00007ffd71747000 	C:\Windows\SYSTEM32\WINMM.dll
0x00007ffd7be70000 - 0x00007ffd7bedb000 	C:\Windows\System32\WS2_32.dll
0x00007ffd76de0000 - 0x00007ffd76dea000 	C:\Windows\SYSTEM32\VERSION.dll
0x00007ffd76d50000 - 0x00007ffd76d62000 	C:\Windows\SYSTEM32\kernel.appcore.dll
0x00007ffd68be0000 - 0x00007ffd68bf0000 	C:\Program Files\OpenJDK\openjdk-11.0.16_8\bin\verify.dll
0x00007ffd79650000 - 0x00007ffd79834000 	C:\Windows\SYSTEM32\DBGHELP.DLL
0x00007ffd795a0000 - 0x00007ffd795cc000 	C:\Windows\SYSTEM32\dbgcore.DLL
0x00007ffd7a310000 - 0x00007ffd7a393000 	C:\Windows\System32\bcryptPrimitives.dll
0x00007ffd67df0000 - 0x00007ffd67e18000 	C:\Program Files\OpenJDK\openjdk-11.0.16_8\bin\java.dll
0x00007ffd68bd0000 - 0x00007ffd68bda000 	C:\Program Files\OpenJDK\openjdk-11.0.16_8\bin\jimage.dll
0x00007ffd68b70000 - 0x00007ffd68b88000 	C:\Program Files\OpenJDK\openjdk-11.0.16_8\bin\zip.dll
0x00007ffd7abb0000 - 0x00007ffd7b2ef000 	C:\Windows\System32\SHELL32.dll
0x00007ffd77700000 - 0x00007ffd77e90000 	C:\Windows\SYSTEM32\windows.storage.dll
0x00007ffd7c170000 - 0x00007ffd7c4c5000 	C:\Windows\System32\combase.dll
0x00007ffd78f90000 - 0x00007ffd78fbc000 	C:\Windows\SYSTEM32\Wldp.dll
0x00007ffd7b310000 - 0x00007ffd7b3bd000 	C:\Windows\System32\SHCORE.dll
0x00007ffd7a960000 - 0x00007ffd7a9b5000 	C:\Windows\System32\shlwapi.dll
0x00007ffd79b70000 - 0x00007ffd79b8f000 	C:\Windows\SYSTEM32\profapi.dll
0x00007ffd67e40000 - 0x00007ffd67e59000 	C:\Program Files\OpenJDK\openjdk-11.0.16_8\bin\net.dll
0x00007ffd6ea20000 - 0x00007ffd6eb28000 	C:\Windows\SYSTEM32\WINHTTP.dll
0x00007ffd78d10000 - 0x00007ffd78d7a000 	C:\Windows\system32\mswsock.dll
0x00007ffd67c40000 - 0x00007ffd67c53000 	C:\Program Files\OpenJDK\openjdk-11.0.16_8\bin\nio.dll
0x00007ffd66450000 - 0x00007ffd66477000 	C:\Users\Metin\.gradle\native\e1d6ef7f7dcc3fd88c89a11ec53ec762bb8ba0a96d01ffa2cd45eb1d1d8dd5c5\windows-amd64\native-platform.dll
0x00007ffd03ec0000 - 0x00007ffd04004000 	C:\Users\Metin\.gradle\native\0d407fdbe67a94daf76414ababcb853783967236a71b16ec16e742cd7a986fd3\windows-amd64\native-platform-file-events.dll
0x00007ffd68760000 - 0x00007ffd68769000 	C:\Program Files\OpenJDK\openjdk-11.0.16_8\bin\management.dll
0x00007ffd66b50000 - 0x00007ffd66b5b000 	C:\Program Files\OpenJDK\openjdk-11.0.16_8\bin\management_ext.dll
0x00007ffd799b0000 - 0x00007ffd799c8000 	C:\Windows\SYSTEM32\CRYPTSP.dll
0x00007ffd78690000 - 0x00007ffd786c4000 	C:\Windows\system32\rsaenh.dll
0x00007ffd79f20000 - 0x00007ffd79f47000 	C:\Windows\System32\bcrypt.dll
0x00007ffd79b30000 - 0x00007ffd79b5e000 	C:\Windows\SYSTEM32\USERENV.dll
0x00007ffd78f00000 - 0x00007ffd78f0c000 	C:\Windows\SYSTEM32\CRYPTBASE.dll
0x00007ffd78a00000 - 0x00007ffd78a3b000 	C:\Windows\SYSTEM32\IPHLPAPI.DLL
0x00007ffd7a710000 - 0x00007ffd7a718000 	C:\Windows\System32\NSI.dll
0x00007ffd72de0000 - 0x00007ffd72df7000 	C:\Windows\SYSTEM32\dhcpcsvc6.DLL
0x00007ffd72dc0000 - 0x00007ffd72ddd000 	C:\Windows\SYSTEM32\dhcpcsvc.DLL
0x00007ffd78a40000 - 0x00007ffd78b0c000 	C:\Windows\SYSTEM32\DNSAPI.dll
0x00007ffd79890000 - 0x00007ffd798c3000 	C:\Windows\SYSTEM32\ntmarta.dll

dbghelp: loaded successfully - version: 4.0.5 - missing functions: none
symbol engine: initialized successfully - sym options: 0x614 - pdb path: .;C:\Program Files\OpenJDK\openjdk-11.0.16_8\bin;C:\Windows\SYSTEM32;C:\Windows\WinSxS\amd64_microsoft.windows.common-controls_6595b64144ccf1df_6.0.19041.1110_none_60b5254171f9507e;C:\Program Files\OpenJDK\openjdk-11.0.16_8\bin\server;C:\Users\Metin\.gradle\native\e1d6ef7f7dcc3fd88c89a11ec53ec762bb8ba0a96d01ffa2cd45eb1d1d8dd5c5\windows-amd64;C:\Users\Metin\.gradle\native\0d407fdbe67a94daf76414ababcb853783967236a71b16ec16e742cd7a986fd3\windows-amd64

VM Arguments:
jvm_args: -XX:MaxMetaspaceSize=512m --add-opens=java.base/java.util=ALL-UNNAMED --add-opens=java.base/java.lang=ALL-UNNAMED --add-opens=java.base/java.lang.invoke=ALL-UNNAMED --add-opens=java.base/java.util=ALL-UNNAMED --add-opens=java.prefs/java.util.prefs=ALL-UNNAMED --add-opens=java.prefs/java.util.prefs=ALL-UNNAMED --add-opens=java.base/java.nio.charset=ALL-UNNAMED --add-opens=java.base/java.net=ALL-UNNAMED --add-opens=java.base/java.util.concurrent.atomic=ALL-UNNAMED -Xmx2048m -Dfile.encoding=windows-1254 -Duser.country=TR -Duser.language=tr -Duser.variant 
java_command: org.gradle.launcher.daemon.bootstrap.GradleDaemon 7.5.1
java_class_path (initial): C:\Users\Metin\.gradle\wrapper\dists\gradle-7.5.1-all\1ehga6e77gqps5uk2kc5kf1vc\gradle-7.5.1\lib\gradle-launcher-7.5.1.jar
Launcher Type: SUN_STANDARD

[Global flags]
     intx CICompilerCount                          = 3                                         {product} {ergonomic}
   size_t CompressedClassSpaceSize                 = 528482304                                 {product} {ergonomic}
     uint ConcGCThreads                            = 1                                         {product} {ergonomic}
     uint G1ConcRefinementThreads                  = 4                                         {product} {ergonomic}
   size_t G1HeapRegionSize                         = 1048576                                   {product} {ergonomic}
    uintx GCDrainStackTargetSize                   = 64                                        {product} {ergonomic}
   size_t InitialHeapSize                          = 134217728                                 {product} {ergonomic}
   size_t MarkStackSize                            = 4194304                                   {product} {ergonomic}
   size_t MaxHeapSize                              = 2147483648                                {product} {command line}
   size_t MaxMetaspaceSize                         = 536870912                                 {product} {command line}
   size_t MaxNewSize                               = 1287651328                                {product} {ergonomic}
   size_t MinHeapDeltaBytes                        = 1048576                                   {product} {ergonomic}
    uintx NonNMethodCodeHeapSize                   = 5830732                                {pd product} {ergonomic}
    uintx NonProfiledCodeHeapSize                  = 122913754                              {pd product} {ergonomic}
    uintx ProfiledCodeHeapSize                     = 122913754                              {pd product} {ergonomic}
    uintx ReservedCodeCacheSize                    = 251658240                              {pd product} {ergonomic}
     bool SegmentedCodeCache                       = true                                      {product} {ergonomic}
     bool UseCompressedClassPointers               = true                                 {lp64_product} {ergonomic}
     bool UseCompressedOops                        = true                                 {lp64_product} {ergonomic}
     bool UseG1GC                                  = true                                      {product} {ergonomic}
     bool UseLargePagesIndividualAllocation        = false                                  {pd product} {ergonomic}

Logging:
Log output configuration:
 #0: stdout all=warning uptime,level,tags
 #1: stderr all=off uptime,level,tags

Environment Variables:
JAVA_HOME=C:\Program Files\OpenJDK\openjdk-11.0.16_8
CLASSPATH=C:\KOD\ReactNative\BrBaApplication\android\\gradle\wrapper\gradle-wrapper.jar
PATH=C:\Windows\system32;C:\Windows;C:\Windows\System32\Wbem;C:\Windows\System32\WindowsPowerShell\v1.0\;C:\Windows\System32\OpenSSH\;C:\ProgramData\chocolatey\bin;C:\Program Files\nodejs\;C:\Program Files\OpenJDK\openjdk-11.0.16_8\bin;C:\Users\Metin\AppData\Local\Microsoft\WindowsApps;C:\Users\Metin\AppData\Local\Programs\Microsoft VS Code\bin;C:\Users\Metin\AppData\Local\GitHubDesktop\bin;C:\Users\Metin\AppData\Roaming\npm;C:\Users\Metin\AppData\Local\Android\Sdk\platform-tools;
USERNAME=Metin
LANG=tr_TR.UTF-8
OS=Windows_NT
PROCESSOR_IDENTIFIER=Intel64 Family 6 Model 60 Stepping 3, GenuineIntel
TMP=C:\Users\Metin\AppData\Local\Temp
TEMP=C:\Users\Metin\AppData\Local\Temp



---------------  S Y S T E M  ---------------

OS: Windows 10 , 64 bit Build 19041 (10.0.19041.1202)
OS uptime: 0 days 0:51 hours

CPU:total 4 (initial active 4) (4 cores per cpu, 1 threads per core) family 6 model 60 stepping 3 microcode 0x27, cmov, cx8, fxsr, mmx, sse, sse2, sse3, ssse3, sse4.1, sse4.2, popcnt, avx, avx2, aes, clmul, erms, lzcnt, tsc, tscinvbit, bmi1, bmi2, fma

Memory: 4k page, system-wide physical 8124M (2966M free)
TotalPageFile size 16828M (AvailPageFile size 9282M)
current process WorkingSet (physical memory assigned to process): 544M, peak: 547M
current process commit charge ("private bytes"): 591M, peak: 595M

vm_info: OpenJDK 64-Bit Server VM (11.0.16+8) for windows-amd64 JRE (11.0.16+8), built on Jul 17 2022 01:33:05 by "tester" with MS VC++ 15.9 (VS2017)

END.
