#
# A fatal error has been detected by the Java Runtime Environment:
#
#  EXCEPTION_ACCESS_VIOLATION (0xc0000005) at pc=0x00007ffd0113d614, pid=8952, tid=9016
#
# JRE version: OpenJDK Runtime Environment 18.9 (11.0.16+8) (build 11.0.16+8)
# Java VM: OpenJDK 64-Bit Server VM 18.9 (11.0.16+8, mixed mode, tiered, compressed oops, g1 gc, windows-amd64)
# Problematic frame:
# V  [jvm.dll+0x2dd614]
#
# No core dump will be written. Minidumps are not enabled by default on client versions of Windows
#
# If you would like to submit a bug report, please visit:
#   https://bugreport.java.com/bugreport/crash.jsp
#

---------------  S U M M A R Y ------------

Command Line: -XX:MaxMetaspaceSize=512m --add-opens=java.base/java.util=ALL-UNNAMED --add-opens=java.base/java.lang=ALL-UNNAMED --add-opens=java.base/java.lang.invoke=ALL-UNNAMED --add-opens=java.base/java.util=ALL-UNNAMED --add-opens=java.prefs/java.util.prefs=ALL-UNNAMED --add-opens=java.prefs/java.util.prefs=ALL-UNNAMED --add-opens=java.base/java.nio.charset=ALL-UNNAMED --add-opens=java.base/java.net=ALL-UNNAMED --add-opens=java.base/java.util.concurrent.atomic=ALL-UNNAMED -Xmx2048m -Dfile.encoding=windows-1254 -Duser.country=TR -Duser.language=tr -Duser.variant org.gradle.launcher.daemon.bootstrap.GradleDaemon 7.5.1

Host: Intel(R) Core(TM) i5-4590 CPU @ 3.30GHz, 4 cores, 7G,  Windows 10 , 64 bit Build 19041 (10.0.19041.1202)
Time: Fri Sep 16 23:07:33 2022 Türkiye Standart Saati elapsed time: 40.103693 seconds (0d 0h 0m 40s)

---------------  T H R E A D  ---------------

Current thread (0x00000138a13e3800):  GCTaskThread "GC Thread#0" [stack: 0x0000000d84d00000,0x0000000d84e00000] [id=9016]

Stack: [0x0000000d84d00000,0x0000000d84e00000],  sp=0x0000000d84dff520,  free space=1021k
Native frames: (J=compiled Java code, j=interpreted, Vv=VM code, C=native code)
V  [jvm.dll+0x2dd614]
V  [jvm.dll+0x305920]
V  [jvm.dll+0x306559]
V  [jvm.dll+0x304a53]
V  [jvm.dll+0x3128ce]
V  [jvm.dll+0x312795]
V  [jvm.dll+0x3115dc]
V  [jvm.dll+0x2e79bf]
V  [jvm.dll+0x311a02]
V  [jvm.dll+0x2e6389]
V  [jvm.dll+0x787f50]
V  [jvm.dll+0x712f34]
V  [jvm.dll+0x6194a5]
C  [ucrtbase.dll+0x21bb2]
C  [KERNEL32.DLL+0x17034]
C  [ntdll.dll+0x52651]


siginfo: EXCEPTION_ACCESS_VIOLATION (0xc0000005), reading address 0xffffffffffffffff


Register to memory mapping:

RIP=0x00007ffd0113d614 jvm.dll
RAX=0x880035005200c5fa is an unknown value
RBX=0x00000138c6f71740 points into unknown readable memory: 0x00007ffd016c4948 | 48 49 6c 01 fd 7f 00 00
RCX=0x0000000000000014 is an unknown value
RDX=0x00000138c1a1cb50 points into unknown readable memory: 0x00000138c1be0000 | 00 00 be c1 38 01 00 00
RSP=0x0000000d84dff520 points into unknown readable memory: 0x0000000000000002 | 02 00 00 00 00 00 00 00
RBP=0x00000138c6f71740 points into unknown readable memory: 0x00007ffd016c4948 | 48 49 6c 01 fd 7f 00 00
RSI=0x00000138c6f718b0 points into unknown readable memory: 0x00007ffd016c4900 | 00 49 6c 01 fd 7f 00 00
RDI=0x0000000081a35110 points into unknown readable memory: 0x0000000000000000 | 00 00 00 00 00 00 00 00
R8 =0x0000000081a350d4 is pointing into object: [Ljava.util.WeakHashMap$Entry; 
{0x0000000081a350c0} - klass: 'java/util/WeakHashMap$Entry'[]
 - length: 16
R9 =0x0 is NULL
R10=0x0000000081a350d4 is pointing into object: [Ljava.util.WeakHashMap$Entry; 
{0x0000000081a350c0} - klass: 'java/util/WeakHashMap$Entry'[]
 - length: 16
R11=0x00000138c6f718b0 points into unknown readable memory: 0x00007ffd016c4900 | 00 49 6c 01 fd 7f 00 00
R12=0x0000000000000002 is an unknown value
R13=0x000000000000000a is an unknown value
R14=0x00000000843b57f8 is an oop: [Ljava.util.WeakHashMap$Entry; 
{0x00000000843b57f8} - klass: 'java/util/WeakHashMap$Entry'[]
 - length: 16
R15=0x0000000000000011 is an unknown value


Registers:
RAX=0x880035005200c5fa, RBX=0x00000138c6f71740, RCX=0x0000000000000014, RDX=0x00000138c1a1cb50
RSP=0x0000000d84dff520, RBP=0x00000138c6f71740, RSI=0x00000138c6f718b0, RDI=0x0000000081a35110
R8 =0x0000000081a350d4, R9 =0x0000000000000000, R10=0x0000000081a350d4, R11=0x00000138c6f718b0
R12=0x0000000000000002, R13=0x000000000000000a, R14=0x00000000843b57f8, R15=0x0000000000000011
RIP=0x00007ffd0113d614, EFLAGS=0x0000000000010246

Top of Stack: (sp=0x0000000d84dff520)
0x0000000d84dff520:   0000000000000002 0000000081a3506d
0x0000000d84dff530:   0000000081a350a4 00007ffd0116560f
0x0000000d84dff540:   0000000081a350d4 00007ffd01165920
0x0000000d84dff550:   0000000081a3506c 0000000000000005
0x0000000d84dff560:   00000138c4c93015 00000000843b57b8
0x0000000d84dff570:   0000000000000001 00007ffd01166559
0x0000000d84dff580:   0000000000000002 0000000081a350c0
0x0000000d84dff590:   0000000081a35080 00007ffd0113a13e
0x0000000d84dff5a0:   00000138a13e6620 0000000000000010
0x0000000d84dff5b0:   0000000200000000 0000000000000040
0x0000000d84dff5c0:   00000138c6f71740 0000000000000040
0x0000000d84dff5d0:   00000138a13e6620 0000000000000010
0x0000000d84dff5e0:   0000000000000000 00000138a13e65a0
0x0000000d84dff5f0:   0000000081098a00 00007ffd01164a53
0x0000000d84dff600:   00000138a13e65a0 00007ffd011adbb0
0x0000000d84dff610:   0000000000000011 0000000081a350a4 

Instructions: (pc=0x00007ffd0113d614)
0x00007ffd0113d514:   24 30 48 83 c4 20 5f c3 cc cc cc cc 48 89 5c 24
0x00007ffd0113d524:   08 57 48 83 ec 20 48 8b 41 18 48 8b fa 48 8b 58
0x00007ffd0113d534:   10 48 8b cb e8 53 7e 00 00 84 c0 75 29 48 81 c3
0x00007ffd0113d544:   90 00 00 00 48 8b 4b 20 48 3b 4b 08 75 0c 48 8b
0x00007ffd0113d554:   cb e8 76 10 f6 ff 48 8b 4b 20 48 8b 43 38 48 89
0x00007ffd0113d564:   3c c8 48 ff 43 20 48 8b 5c 24 30 48 83 c4 20 5f
0x00007ffd0113d574:   c3 cc cc cc cc cc cc cc cc cc cc cc 48 89 5c 24
0x00007ffd0113d584:   08 57 48 83 ec 20 48 8b 79 10 48 8b da 48 83 cb
0x00007ffd0113d594:   01 48 8b cf 48 8b d3 e8 f0 7d 00 00 84 c0 75 29
0x00007ffd0113d5a4:   48 81 c7 90 00 00 00 48 8b 4f 20 48 3b 4f 08 75
0x00007ffd0113d5b4:   0c 48 8b cf e8 13 10 f6 ff 48 8b 4f 20 48 8b 47
0x00007ffd0113d5c4:   38 48 89 1c c8 48 ff 47 20 48 8b 5c 24 30 48 83
0x00007ffd0113d5d4:   c4 20 5f c3 cc cc cc cc cc cc cc cc 40 53 48 83
0x00007ffd0113d5e4:   ec 20 8b 82 04 01 00 00 48 8b d9 d1 e8 a8 01 75
0x00007ffd0113d5f4:   6b 48 8b 41 08 8b 88 c0 02 00 00 48 8b 80 b0 02
0x00007ffd0113d604:   00 00 49 d3 e9 4a 8b 14 c8 48 8b 82 f8 00 00 00
0x00007ffd0113d614:   83 b8 18 01 00 00 00 74 43 48 8b 4b 50 48 89 7c
0x00007ffd0113d624:   24 30 49 c1 e8 09 48 8b 79 48 48 2b 79 40 49 03
0x00007ffd0113d634:   f8 48 8b d7 e8 d3 ca ff ff 84 c0 74 1a 80 7b 28
0x00007ffd0113d644:   00 48 8d 4b 18 74 10 48 8b 43 50 48 8b 50 40 48
0x00007ffd0113d654:   03 d7 e8 05 66 38 00 48 8b 7c 24 30 48 83 c4 20
0x00007ffd0113d664:   5b c3 cc cc cc cc cc cc cc cc cc cc 40 53 48 83
0x00007ffd0113d674:   ec 50 48 89 74 24 68 48 8b d9 48 89 7c 24 70 48
0x00007ffd0113d684:   8b fa 4c 89 6c 24 40 4c 89 74 24 38 e8 cb 68 f1
0x00007ffd0113d694:   ff 48 8d 05 5c 12 58 00 48 89 7b 58 45 33 ed 48
0x00007ffd0113d6a4:   89 03 48 8d 4b 68 4c 89 6b 48 4c 89 6b 60 e8 09
0x00007ffd0113d6b4:   07 3c 00 48 8d 4b 78 4c 8d 05 6e 8c 56 00 48 8d
0x00007ffd0113d6c4:   15 cf 1b 58 00 e8 12 1e 2e 00 48 8d 8b 40 01 00
0x00007ffd0113d6d4:   00 4c 8d 05 64 8c 56 00 48 8d 15 cd 1b 58 00 e8
0x00007ffd0113d6e4:   f8 1d 2e 00 41 8d 55 05 4c 89 ab 08 02 00 00 45
0x00007ffd0113d6f4:   33 c0 4c 89 ab 10 02 00 00 4c 89 ab 18 02 00 00
0x00007ffd0113d704:   8d 4a 03 e8 84 ac dd ff 48 85 c0 74 0c 48 8d 0d 


Stack slot to memory mapping:
stack at sp + 0 slots: 0x0000000000000002 is an unknown value
stack at sp + 1 slots: 0x0000000081a3506d is pointing into object: [Ljava.lang.reflect.Method; 
{0x0000000081a35038} - klass: 'java/lang/reflect/Method'[]
 - length: 10
stack at sp + 2 slots: 0x0000000081a350a4 is pointing into object: java.lang.ClassValue$ClassValueMap 
{0x0000000081a35080} - klass: 'java/lang/ClassValue$ClassValueMap'
stack at sp + 3 slots: 0x00007ffd0116560f jvm.dll
stack at sp + 4 slots: 0x0000000081a350d4 is pointing into object: [Ljava.util.WeakHashMap$Entry; 
{0x0000000081a350c0} - klass: 'java/util/WeakHashMap$Entry'[]
 - length: 16
stack at sp + 5 slots: 0x00007ffd01165920 jvm.dll
stack at sp + 6 slots: 0x0000000081a3506c is pointing into object: [Ljava.lang.reflect.Method; 
{0x0000000081a35038} - klass: 'java/lang/reflect/Method'[]
 - length: 10
stack at sp + 7 slots: 0x0000000000000005 is an unknown value


---------------  P R O C E S S  ---------------

Threads class SMR info:
_java_thread_list=0x00000138c255bb20, length=38, elements={
0x00000138a13cb000, 0x00000138c1bba800, 0x00000138c1bbc000, 0x00000138c1bcc800,
0x00000138c1bce000, 0x00000138c1bcf800, 0x00000138c1bd1000, 0x00000138c1bd9000,
0x00000138c1bda800, 0x00000138c267e000, 0x00000138c3f88000, 0x00000138c3ad5000,
0x00000138c3e16800, 0x00000138c3639800, 0x00000138c4084800, 0x00000138c39aa800,
0x00000138c4c93000, 0x00000138c3e69800, 0x00000138c3e6b800, 0x00000138c3e6c000,
0x00000138c4896800, 0x00000138c489d000, 0x00000138c4897800, 0x00000138c489a800,
0x00000138c489b800, 0x00000138c489c800, 0x00000138c4898800, 0x00000138c4899000,
0x00000138c489a000, 0x00000138c4b08000, 0x00000138c4b0a800, 0x00000138c4b09000,
0x00000138c4b0a000, 0x00000138c4b0b800, 0x00000138c4b05800, 0x00000138c4b0c000,
0x00000138c4b06800, 0x00000138c4b0f800
}

Java Threads: ( => current thread )
  0x00000138a13cb000 JavaThread "main" [_thread_blocked, id=9012, stack(0x0000000d84c00000,0x0000000d84d00000)]
  0x00000138c1bba800 JavaThread "Reference Handler" daemon [_thread_blocked, id=9040, stack(0x0000000d85300000,0x0000000d85400000)]
  0x00000138c1bbc000 JavaThread "Finalizer" daemon [_thread_blocked, id=9044, stack(0x0000000d85400000,0x0000000d85500000)]
  0x00000138c1bcc800 JavaThread "Signal Dispatcher" daemon [_thread_blocked, id=9048, stack(0x0000000d85500000,0x0000000d85600000)]
  0x00000138c1bce000 JavaThread "Attach Listener" daemon [_thread_blocked, id=9052, stack(0x0000000d85600000,0x0000000d85700000)]
  0x00000138c1bcf800 JavaThread "Service Thread" daemon [_thread_blocked, id=9056, stack(0x0000000d85700000,0x0000000d85800000)]
  0x00000138c1bd1000 JavaThread "C2 CompilerThread0" daemon [_thread_blocked, id=9060, stack(0x0000000d85800000,0x0000000d85900000)]
  0x00000138c1bd9000 JavaThread "C1 CompilerThread0" daemon [_thread_blocked, id=9064, stack(0x0000000d85900000,0x0000000d85a00000)]
  0x00000138c1bda800 JavaThread "Sweeper thread" daemon [_thread_blocked, id=9068, stack(0x0000000d85a00000,0x0000000d85b00000)]
  0x00000138c267e000 JavaThread "Common-Cleaner" daemon [_thread_blocked, id=9072, stack(0x0000000d85b00000,0x0000000d85c00000)]
  0x00000138c3f88000 JavaThread "Daemon health stats" [_thread_blocked, id=9160, stack(0x0000000d85d00000,0x0000000d85e00000)]
  0x00000138c3ad5000 JavaThread "Incoming local TCP Connector on port 50923" [_thread_in_native, id=9168, stack(0x0000000d86000000,0x0000000d86100000)]
  0x00000138c3e16800 JavaThread "Daemon periodic checks" [_thread_blocked, id=9172, stack(0x0000000d86100000,0x0000000d86200000)]
  0x00000138c3639800 JavaThread "Daemon" [_thread_blocked, id=9176, stack(0x0000000d86200000,0x0000000d86300000)]
  0x00000138c4084800 JavaThread "Handler for socket connection from /127.0.0.1:50923 to /127.0.0.1:50924" [_thread_in_native, id=9180, stack(0x0000000d86300000,0x0000000d86400000)]
  0x00000138c39aa800 JavaThread "Cancel handler" [_thread_blocked, id=9184, stack(0x0000000d86400000,0x0000000d86500000)]
  0x00000138c4c93000 JavaThread "Daemon worker" [_thread_blocked, id=9188, stack(0x0000000d86500000,0x0000000d86600000)]
  0x00000138c3e69800 JavaThread "Asynchronous log dispatcher for DefaultDaemonConnection: socket connection from /127.0.0.1:50923 to /127.0.0.1:50924" [_thread_blocked, id=9200, stack(0x0000000d86600000,0x0000000d86700000)]
  0x00000138c3e6b800 JavaThread "Stdin handler" [_thread_blocked, id=9204, stack(0x0000000d86700000,0x0000000d86800000)]
  0x00000138c3e6c000 JavaThread "Daemon client event forwarder" [_thread_blocked, id=9208, stack(0x0000000d86800000,0x0000000d86900000)]
  0x00000138c4896800 JavaThread "Cache worker for journal cache (C:\Users\Metin\.gradle\caches\journal-1)" [_thread_blocked, id=7148, stack(0x0000000d86b00000,0x0000000d86c00000)]
  0x00000138c489d000 JavaThread "File lock request listener" [_thread_in_native, id=8208, stack(0x0000000d86c00000,0x0000000d86d00000)]
  0x00000138c4897800 JavaThread "Cache worker for file hash cache (C:\Users\Metin\.gradle\caches\7.5.1\fileHashes)" [_thread_blocked, id=4256, stack(0x0000000d86d00000,0x0000000d86e00000)]
  0x00000138c489a800 JavaThread "File watcher server" daemon [_thread_in_native, id=1760, stack(0x0000000d86e00000,0x0000000d86f00000)]
  0x00000138c489b800 JavaThread "File watcher consumer" daemon [_thread_blocked, id=5716, stack(0x0000000d86f00000,0x0000000d87000000)]
  0x00000138c489c800 JavaThread "Cache worker for checksums cache (C:\KOD\ReactNative\BrBaApplication\android\.gradle\7.5.1\checksums)" [_thread_blocked, id=8336, stack(0x0000000d87000000,0x0000000d87100000)]
  0x00000138c4898800 JavaThread "Cache worker for cache directory md-rule (C:\Users\Metin\.gradle\caches\7.5.1\md-rule)" [_thread_blocked, id=8332, stack(0x0000000d87100000,0x0000000d87200000)]
  0x00000138c4899000 JavaThread "Cache worker for file content cache (C:\Users\Metin\.gradle\caches\7.5.1\fileContent)" [_thread_blocked, id=8432, stack(0x0000000d87200000,0x0000000d87300000)]
  0x00000138c489a000 JavaThread "Cache worker for file hash cache (C:\KOD\ReactNative\BrBaApplication\android\.gradle\7.5.1\fileHashes)" [_thread_blocked, id=8452, stack(0x0000000d87400000,0x0000000d87500000)]
  0x00000138c4b08000 JavaThread "Cache worker for cache directory md-supplier (C:\Users\Metin\.gradle\caches\7.5.1\md-supplier)" [_thread_blocked, id=8440, stack(0x0000000d87500000,0x0000000d87600000)]
  0x00000138c4b0a800 JavaThread "Cache worker for execution history cache (C:\Users\Metin\.gradle\caches\7.5.1\executionHistory)" [_thread_blocked, id=8448, stack(0x0000000d87600000,0x0000000d87700000)]
  0x00000138c4b09000 JavaThread "jar transforms" [_thread_blocked, id=8420, stack(0x0000000d87700000,0x0000000d87800000)]
  0x00000138c4b0a000 JavaThread "jar transforms Thread 2" [_thread_blocked, id=8416, stack(0x0000000d87800000,0x0000000d87900000)]
  0x00000138c4b0b800 JavaThread "jar transforms Thread 3" [_thread_blocked, id=8496, stack(0x0000000d87300000,0x0000000d87400000)]
  0x00000138c4b05800 JavaThread "jar transforms Thread 4" [_thread_blocked, id=8196, stack(0x0000000d87900000,0x0000000d87a00000)]
  0x00000138c4b0c000 JavaThread "Cache worker for kotlin-dsl (C:\Users\Metin\.gradle\caches\7.5.1\kotlin-dsl)" [_thread_blocked, id=8564, stack(0x0000000d87c00000,0x0000000d87d00000)]
  0x00000138c4b06800 JavaThread "Cache worker for dependencies-accessors (C:\KOD\ReactNative\BrBaApplication\android\.gradle\7.5.1\dependencies-accessors)" [_thread_blocked, id=8556, stack(0x0000000d87d00000,0x0000000d87e00000)]
  0x00000138c4b0f800 JavaThread "Cache worker for Build Output Cleanup Cache (C:\KOD\ReactNative\BrBaApplication\node_modules\react-native-gradle-plugin\.gradle\buildOutputCleanup)" [_thread_blocked, id=8540, stack(0x0000000d87b00000,0x0000000d87c00000)]

Other Threads:
  0x00000138c1ba7800 VMThread "VM Thread" [stack: 0x0000000d85200000,0x0000000d85300000] [id=9036]
  0x00000138c26ce800 WatcherThread [stack: 0x0000000d85c00000,0x0000000d85d00000] [id=9076]
=>0x00000138a13e3800 GCTaskThread "GC Thread#0" [stack: 0x0000000d84d00000,0x0000000d84e00000] [id=9016]
  0x00000138c2d6b800 GCTaskThread "GC Thread#1" [stack: 0x0000000d85e00000,0x0000000d85f00000] [id=9084]
  0x00000138c2e6e800 GCTaskThread "GC Thread#2" [stack: 0x0000000d85f00000,0x0000000d86000000] [id=9088]
  0x00000138c2d4d800 GCTaskThread "GC Thread#3" [stack: 0x0000000d86900000,0x0000000d86a00000] [id=9212]
  0x00000138a1418000 ConcurrentGCThread "G1 Main Marker" [stack: 0x0000000d84e00000,0x0000000d84f00000] [id=9020]
  0x00000138a141a000 ConcurrentGCThread "G1 Conc#0" [stack: 0x0000000d84f00000,0x0000000d85000000] [id=9024]
  0x00000138a14ae000 ConcurrentGCThread "G1 Refine#0" [stack: 0x0000000d85000000,0x0000000d85100000] [id=9028]
  0x00000138c3081800 ConcurrentGCThread "G1 Refine#1" [stack: 0x0000000d86a00000,0x0000000d86b00000] [id=8212]
  0x00000138c1a17800 ConcurrentGCThread "G1 Young RemSet Sampling" [stack: 0x0000000d85100000,0x0000000d85200000] [id=9032]

Threads with active compile tasks:
C2 CompilerThread0    40159 4341       4       org.gradle.internal.service.DefaultServiceRegistry$ParentServices::getService (11 bytes)

VM state:at safepoint (normal execution)

VM Mutex/Monitor currently owned by a thread:  ([mutex/lock_event])
[0x00000138a13c7e60] Threads_lock - owner thread: 0x00000138c1ba7800
[0x00000138a13c7950] Heap_lock - owner thread: 0x00000138c4c93000

Heap address: 0x0000000080000000, size: 2048 MB, Compressed Oops mode: 32-bit
Narrow klass base: 0x0000000000000000, Narrow klass shift: 3
Compressed class space size: 528482304 Address: 0x0000000100000000

Heap:
 garbage-first heap   total 131072K, used 89985K [0x0000000080000000, 0x0000000100000000)
  region size 1024K, 64 young (65536K), 6 survivors (6144K)
 Metaspace       used 48637K, capacity 49883K, committed 50128K, reserved 561152K
  class space    used 6242K, capacity 6774K, committed 6784K, reserved 516096K
Heap Regions: E=young(eden), S=young(survivor), O=old, HS=humongous(starts), HC=humongous(continues), CS=collection set, F=free, A=archive, TAMS=top-at-mark-start (previous, next)
|   0|0x0000000080000000, 0x0000000080100000, 0x0000000080100000|100%|HS|  |TAMS 0x0000000080100000, 0x0000000080000000| Complete 
|   1|0x0000000080100000, 0x0000000080200000, 0x0000000080200000|100%|HC|  |TAMS 0x0000000080200000, 0x0000000080100000| Complete 
|   2|0x0000000080200000, 0x0000000080300000, 0x0000000080300000|100%|HC|  |TAMS 0x0000000080300000, 0x0000000080200000| Complete 
|   3|0x0000000080300000, 0x0000000080400000, 0x0000000080400000|100%| O|  |TAMS 0x0000000080400000, 0x0000000080300000| Untracked 
|   4|0x0000000080400000, 0x0000000080500000, 0x0000000080500000|100%| O|  |TAMS 0x0000000080500000, 0x0000000080400000| Untracked 
|   5|0x0000000080500000, 0x0000000080600000, 0x0000000080600000|100%| O|  |TAMS 0x0000000080600000, 0x0000000080500000| Untracked 
|   6|0x0000000080600000, 0x0000000080700000, 0x0000000080700000|100%| O|  |TAMS 0x0000000080700000, 0x0000000080600000| Untracked 
|   7|0x0000000080700000, 0x0000000080800000, 0x0000000080800000|100%| O|  |TAMS 0x0000000080800000, 0x0000000080700000| Untracked 
|   8|0x0000000080800000, 0x0000000080900000, 0x0000000080900000|100%| O|  |TAMS 0x0000000080900000, 0x0000000080800000| Untracked 
|   9|0x0000000080900000, 0x0000000080a00000, 0x0000000080a00000|100%| O|  |TAMS 0x0000000080a00000, 0x0000000080900000| Untracked 
|  10|0x0000000080a00000, 0x0000000080b00000, 0x0000000080b00000|100%| O|  |TAMS 0x0000000080b00000, 0x0000000080a00000| Untracked 
|  11|0x0000000080b00000, 0x0000000080c00000, 0x0000000080c00000|100%| O|  |TAMS 0x0000000080c00000, 0x0000000080b00000| Untracked 
|  12|0x0000000080c00000, 0x0000000080d00000, 0x0000000080d00000|100%| O|  |TAMS 0x0000000080d00000, 0x0000000080c00000| Untracked 
|  13|0x0000000080d00000, 0x0000000080e00000, 0x0000000080e00000|100%| O|  |TAMS 0x0000000080e00000, 0x0000000080d00000| Untracked 
|  14|0x0000000080e00000, 0x0000000080f00000, 0x0000000080f00000|100%| O|  |TAMS 0x0000000080f00000, 0x0000000080e00000| Untracked 
|  15|0x0000000080f00000, 0x0000000081000000, 0x0000000081000000|100%| O|  |TAMS 0x0000000081000000, 0x0000000080f00000| Untracked 
|  16|0x0000000081000000, 0x0000000081100000, 0x0000000081100000|100%| O|  |TAMS 0x00000000810b4400, 0x0000000081000000| Untracked 
|  17|0x0000000081100000, 0x0000000081200000, 0x0000000081200000|100%| O|  |TAMS 0x0000000081100000, 0x0000000081100000| Untracked 
|  18|0x0000000081200000, 0x0000000081300000, 0x0000000081300000|100%| O|  |TAMS 0x0000000081200000, 0x0000000081200000| Untracked 
|  19|0x0000000081300000, 0x0000000081400000, 0x0000000081400000|100%| O|  |TAMS 0x0000000081300000, 0x0000000081300000| Untracked 
|  20|0x0000000081400000, 0x0000000081500000, 0x0000000081500000|100%| O|  |TAMS 0x0000000081400000, 0x0000000081400000| Untracked 
|  21|0x0000000081500000, 0x0000000081600000, 0x0000000081600000|100%| O|  |TAMS 0x0000000081500000, 0x0000000081500000| Untracked 
|  22|0x0000000081600000, 0x0000000081700000, 0x0000000081700000|100%| O|  |TAMS 0x0000000081600000, 0x0000000081600000| Untracked 
|  23|0x0000000081700000, 0x0000000081800000, 0x0000000081800000|100%| O|  |TAMS 0x0000000081700000, 0x0000000081700000| Untracked 
|  24|0x0000000081800000, 0x0000000081900000, 0x0000000081900000|100%| O|  |TAMS 0x0000000081800000, 0x0000000081800000| Untracked 
|  25|0x0000000081900000, 0x0000000081a00000, 0x0000000081a00000|100%| O|  |TAMS 0x0000000081900000, 0x0000000081900000| Untracked 
|  26|0x0000000081a00000, 0x0000000081a8a740, 0x0000000081b00000| 54%| O|  |TAMS 0x0000000081a00000, 0x0000000081a00000| Untracked 
|  27|0x0000000081b00000, 0x0000000081b00000, 0x0000000081c00000|  0%| F|  |TAMS 0x0000000081b00000, 0x0000000081b00000| Untracked 
|  28|0x0000000081c00000, 0x0000000081c00000, 0x0000000081d00000|  0%| F|  |TAMS 0x0000000081c00000, 0x0000000081c00000| Untracked 
|  29|0x0000000081d00000, 0x0000000081d00000, 0x0000000081e00000|  0%| F|  |TAMS 0x0000000081d00000, 0x0000000081d00000| Untracked 
|  30|0x0000000081e00000, 0x0000000081e00000, 0x0000000081f00000|  0%| F|  |TAMS 0x0000000081e00000, 0x0000000081e00000| Untracked 
|  31|0x0000000081f00000, 0x0000000081f00000, 0x0000000082000000|  0%| F|  |TAMS 0x0000000081f00000, 0x0000000081f00000| Untracked 
|  32|0x0000000082000000, 0x0000000082000000, 0x0000000082100000|  0%| F|  |TAMS 0x0000000082000000, 0x0000000082000000| Untracked 
|  33|0x0000000082100000, 0x0000000082100000, 0x0000000082200000|  0%| F|  |TAMS 0x0000000082100000, 0x0000000082100000| Untracked 
|  34|0x0000000082200000, 0x0000000082200000, 0x0000000082300000|  0%| F|  |TAMS 0x0000000082200000, 0x0000000082200000| Untracked 
|  35|0x0000000082300000, 0x0000000082300000, 0x0000000082400000|  0%| F|  |TAMS 0x0000000082300000, 0x0000000082300000| Untracked 
|  36|0x0000000082400000, 0x0000000082400000, 0x0000000082500000|  0%| F|  |TAMS 0x0000000082400000, 0x0000000082400000| Untracked 
|  37|0x0000000082500000, 0x0000000082500000, 0x0000000082600000|  0%| F|  |TAMS 0x0000000082500000, 0x0000000082500000| Untracked 
|  38|0x0000000082600000, 0x0000000082600000, 0x0000000082700000|  0%| F|  |TAMS 0x0000000082600000, 0x0000000082600000| Untracked 
|  39|0x0000000082700000, 0x0000000082700000, 0x0000000082800000|  0%| F|  |TAMS 0x0000000082700000, 0x0000000082700000| Untracked 
|  40|0x0000000082800000, 0x0000000082800000, 0x0000000082900000|  0%| F|  |TAMS 0x0000000082800000, 0x0000000082800000| Untracked 
|  41|0x0000000082900000, 0x0000000082900000, 0x0000000082a00000|  0%| F|  |TAMS 0x0000000082900000, 0x0000000082900000| Untracked 
|  42|0x0000000082a00000, 0x0000000082a00000, 0x0000000082b00000|  0%| F|  |TAMS 0x0000000082a00000, 0x0000000082a00000| Untracked 
|  43|0x0000000082b00000, 0x0000000082b00000, 0x0000000082c00000|  0%| F|  |TAMS 0x0000000082b00000, 0x0000000082b00000| Untracked 
|  44|0x0000000082c00000, 0x0000000082c00000, 0x0000000082d00000|  0%| F|  |TAMS 0x0000000082c00000, 0x0000000082c00000| Untracked 
|  45|0x0000000082d00000, 0x0000000082d00000, 0x0000000082e00000|  0%| F|  |TAMS 0x0000000082d00000, 0x0000000082d00000| Untracked 
|  46|0x0000000082e00000, 0x0000000082e00000, 0x0000000082f00000|  0%| F|  |TAMS 0x0000000082e00000, 0x0000000082e00000| Untracked 
|  47|0x0000000082f00000, 0x0000000082f00000, 0x0000000083000000|  0%| F|  |TAMS 0x0000000082f00000, 0x0000000082f00000| Untracked 
|  48|0x0000000083000000, 0x0000000083000000, 0x0000000083100000|  0%| F|  |TAMS 0x0000000083000000, 0x0000000083000000| Untracked 
|  49|0x0000000083100000, 0x0000000083100000, 0x0000000083200000|  0%| F|  |TAMS 0x0000000083100000, 0x0000000083100000| Untracked 
|  50|0x0000000083200000, 0x0000000083200000, 0x0000000083300000|  0%| F|  |TAMS 0x0000000083200000, 0x0000000083200000| Untracked 
|  51|0x0000000083300000, 0x0000000083300000, 0x0000000083400000|  0%| F|  |TAMS 0x0000000083300000, 0x0000000083300000| Untracked 
|  52|0x0000000083400000, 0x0000000083400000, 0x0000000083500000|  0%| F|  |TAMS 0x0000000083400000, 0x0000000083400000| Untracked 
|  53|0x0000000083500000, 0x0000000083500000, 0x0000000083600000|  0%| F|  |TAMS 0x0000000083500000, 0x0000000083500000| Untracked 
|  54|0x0000000083600000, 0x00000000836a3180, 0x0000000083700000| 63%| E|CS|TAMS 0x0000000083600000, 0x0000000083600000| Complete 
|  55|0x0000000083700000, 0x0000000083800000, 0x0000000083800000|100%| E|CS|TAMS 0x0000000083700000, 0x0000000083700000| Complete 
|  56|0x0000000083800000, 0x0000000083900000, 0x0000000083900000|100%| E|CS|TAMS 0x0000000083800000, 0x0000000083800000| Complete 
|  57|0x0000000083900000, 0x0000000083900000, 0x0000000083a00000|  0%| F|  |TAMS 0x0000000083900000, 0x0000000083900000| Untracked 
|  58|0x0000000083a00000, 0x0000000083a00000, 0x0000000083b00000|  0%| F|  |TAMS 0x0000000083a00000, 0x0000000083a00000| Untracked 
|  59|0x0000000083b00000, 0x0000000083c00000, 0x0000000083c00000|100%| S|  |TAMS 0x0000000083b00000, 0x0000000083b00000| Complete 
|  60|0x0000000083c00000, 0x0000000083d00000, 0x0000000083d00000|100%| S|  |TAMS 0x0000000083c00000, 0x0000000083c00000| Complete 
|  61|0x0000000083d00000, 0x0000000083e00000, 0x0000000083e00000|100%| S|  |TAMS 0x0000000083d00000, 0x0000000083d00000| Complete 
|  62|0x0000000083e00000, 0x0000000083f00000, 0x0000000083f00000|100%| S|  |TAMS 0x0000000083e00000, 0x0000000083e00000| Complete 
|  63|0x0000000083f00000, 0x0000000084000000, 0x0000000084000000|100%| S|  |TAMS 0x0000000083f00000, 0x0000000083f00000| Complete 
|  64|0x0000000084000000, 0x0000000084100000, 0x0000000084100000|100%| S|  |TAMS 0x0000000084000000, 0x0000000084000000| Complete 
|  65|0x0000000084100000, 0x0000000084200000, 0x0000000084200000|100%| E|CS|TAMS 0x0000000084100000, 0x0000000084100000| Complete 
|  66|0x0000000084200000, 0x0000000084300000, 0x0000000084300000|100%| E|CS|TAMS 0x0000000084200000, 0x0000000084200000| Complete 
|  67|0x0000000084300000, 0x0000000084400000, 0x0000000084400000|100%| E|CS|TAMS 0x0000000084300000, 0x0000000084300000| Complete 
|  68|0x0000000084400000, 0x0000000084500000, 0x0000000084500000|100%| E|CS|TAMS 0x0000000084400000, 0x0000000084400000| Complete 
|  69|0x0000000084500000, 0x0000000084600000, 0x0000000084600000|100%| E|CS|TAMS 0x0000000084500000, 0x0000000084500000| Complete 
|  70|0x0000000084600000, 0x0000000084700000, 0x0000000084700000|100%| E|CS|TAMS 0x0000000084600000, 0x0000000084600000| Complete 
|  71|0x0000000084700000, 0x0000000084800000, 0x0000000084800000|100%| E|CS|TAMS 0x0000000084700000, 0x0000000084700000| Complete 
|  72|0x0000000084800000, 0x0000000084900000, 0x0000000084900000|100%| E|CS|TAMS 0x0000000084800000, 0x0000000084800000| Complete 
|  73|0x0000000084900000, 0x0000000084a00000, 0x0000000084a00000|100%| E|CS|TAMS 0x0000000084900000, 0x0000000084900000| Complete 
|  74|0x0000000084a00000, 0x0000000084b00000, 0x0000000084b00000|100%| E|CS|TAMS 0x0000000084a00000, 0x0000000084a00000| Complete 
|  75|0x0000000084b00000, 0x0000000084c00000, 0x0000000084c00000|100%| E|CS|TAMS 0x0000000084b00000, 0x0000000084b00000| Complete 
|  76|0x0000000084c00000, 0x0000000084d00000, 0x0000000084d00000|100%| E|CS|TAMS 0x0000000084c00000, 0x0000000084c00000| Complete 
|  77|0x0000000084d00000, 0x0000000084e00000, 0x0000000084e00000|100%| E|CS|TAMS 0x0000000084d00000, 0x0000000084d00000| Complete 
|  78|0x0000000084e00000, 0x0000000084f00000, 0x0000000084f00000|100%| E|CS|TAMS 0x0000000084e00000, 0x0000000084e00000| Complete 
|  79|0x0000000084f00000, 0x0000000085000000, 0x0000000085000000|100%| E|CS|TAMS 0x0000000084f00000, 0x0000000084f00000| Complete 
|  80|0x0000000085000000, 0x0000000085100000, 0x0000000085100000|100%| E|CS|TAMS 0x0000000085000000, 0x0000000085000000| Complete 
|  81|0x0000000085100000, 0x0000000085200000, 0x0000000085200000|100%| E|CS|TAMS 0x0000000085100000, 0x0000000085100000| Complete 
|  82|0x0000000085200000, 0x0000000085300000, 0x0000000085300000|100%| E|CS|TAMS 0x0000000085200000, 0x0000000085200000| Complete 
|  83|0x0000000085300000, 0x0000000085400000, 0x0000000085400000|100%| E|CS|TAMS 0x0000000085300000, 0x0000000085300000| Complete 
|  84|0x0000000085400000, 0x0000000085500000, 0x0000000085500000|100%| E|CS|TAMS 0x0000000085400000, 0x0000000085400000| Complete 
|  85|0x0000000085500000, 0x0000000085600000, 0x0000000085600000|100%| E|CS|TAMS 0x0000000085500000, 0x0000000085500000| Complete 
|  86|0x0000000085600000, 0x0000000085700000, 0x0000000085700000|100%| E|CS|TAMS 0x0000000085600000, 0x0000000085600000| Complete 
|  87|0x0000000085700000, 0x0000000085800000, 0x0000000085800000|100%| E|CS|TAMS 0x0000000085700000, 0x0000000085700000| Complete 
|  88|0x0000000085800000, 0x0000000085900000, 0x0000000085900000|100%| E|CS|TAMS 0x0000000085800000, 0x0000000085800000| Complete 
|  89|0x0000000085900000, 0x0000000085a00000, 0x0000000085a00000|100%| E|CS|TAMS 0x0000000085900000, 0x0000000085900000| Complete 
|  90|0x0000000085a00000, 0x0000000085b00000, 0x0000000085b00000|100%| E|CS|TAMS 0x0000000085a00000, 0x0000000085a00000| Complete 
|  91|0x0000000085b00000, 0x0000000085c00000, 0x0000000085c00000|100%| E|CS|TAMS 0x0000000085b00000, 0x0000000085b00000| Complete 
|  92|0x0000000085c00000, 0x0000000085d00000, 0x0000000085d00000|100%| E|CS|TAMS 0x0000000085c00000, 0x0000000085c00000| Complete 
|  93|0x0000000085d00000, 0x0000000085e00000, 0x0000000085e00000|100%| E|CS|TAMS 0x0000000085d00000, 0x0000000085d00000| Complete 
|  94|0x0000000085e00000, 0x0000000085f00000, 0x0000000085f00000|100%| E|CS|TAMS 0x0000000085e00000, 0x0000000085e00000| Complete 
|  95|0x0000000085f00000, 0x0000000086000000, 0x0000000086000000|100%| E|CS|TAMS 0x0000000085f00000, 0x0000000085f00000| Complete 
|  96|0x0000000086000000, 0x0000000086100000, 0x0000000086100000|100%| E|CS|TAMS 0x0000000086000000, 0x0000000086000000| Complete 
|  97|0x0000000086100000, 0x0000000086200000, 0x0000000086200000|100%| E|CS|TAMS 0x0000000086100000, 0x0000000086100000| Complete 
|  98|0x0000000086200000, 0x0000000086300000, 0x0000000086300000|100%| E|CS|TAMS 0x0000000086200000, 0x0000000086200000| Complete 
|  99|0x0000000086300000, 0x0000000086400000, 0x0000000086400000|100%| E|CS|TAMS 0x0000000086300000, 0x0000000086300000| Complete 
| 100|0x0000000086400000, 0x0000000086500000, 0x0000000086500000|100%| E|CS|TAMS 0x0000000086400000, 0x0000000086400000| Complete 
| 101|0x0000000086500000, 0x0000000086600000, 0x0000000086600000|100%| E|CS|TAMS 0x0000000086500000, 0x0000000086500000| Complete 
| 102|0x0000000086600000, 0x0000000086700000, 0x0000000086700000|100%| E|CS|TAMS 0x0000000086600000, 0x0000000086600000| Complete 
| 103|0x0000000086700000, 0x0000000086800000, 0x0000000086800000|100%| E|CS|TAMS 0x0000000086700000, 0x0000000086700000| Complete 
| 104|0x0000000086800000, 0x0000000086900000, 0x0000000086900000|100%| E|CS|TAMS 0x0000000086800000, 0x0000000086800000| Complete 
| 105|0x0000000086900000, 0x0000000086a00000, 0x0000000086a00000|100%| E|CS|TAMS 0x0000000086900000, 0x0000000086900000| Complete 
| 106|0x0000000086a00000, 0x0000000086b00000, 0x0000000086b00000|100%| E|CS|TAMS 0x0000000086a00000, 0x0000000086a00000| Complete 
| 107|0x0000000086b00000, 0x0000000086c00000, 0x0000000086c00000|100%| E|CS|TAMS 0x0000000086b00000, 0x0000000086b00000| Complete 
| 108|0x0000000086c00000, 0x0000000086d00000, 0x0000000086d00000|100%| E|CS|TAMS 0x0000000086c00000, 0x0000000086c00000| Complete 
| 109|0x0000000086d00000, 0x0000000086e00000, 0x0000000086e00000|100%| E|CS|TAMS 0x0000000086d00000, 0x0000000086d00000| Complete 
| 110|0x0000000086e00000, 0x0000000086f00000, 0x0000000086f00000|100%| E|CS|TAMS 0x0000000086e00000, 0x0000000086e00000| Complete 
| 111|0x0000000086f00000, 0x0000000087000000, 0x0000000087000000|100%| E|CS|TAMS 0x0000000086f00000, 0x0000000086f00000| Complete 
| 112|0x0000000087000000, 0x0000000087100000, 0x0000000087100000|100%| E|CS|TAMS 0x0000000087000000, 0x0000000087000000| Complete 
| 113|0x0000000087100000, 0x0000000087200000, 0x0000000087200000|100%| E|CS|TAMS 0x0000000087100000, 0x0000000087100000| Complete 
| 114|0x0000000087200000, 0x0000000087300000, 0x0000000087300000|100%| E|CS|TAMS 0x0000000087200000, 0x0000000087200000| Complete 
| 115|0x0000000087300000, 0x0000000087400000, 0x0000000087400000|100%| E|CS|TAMS 0x0000000087300000, 0x0000000087300000| Complete 
| 116|0x0000000087400000, 0x0000000087500000, 0x0000000087500000|100%| E|CS|TAMS 0x0000000087400000, 0x0000000087400000| Complete 
| 117|0x0000000087500000, 0x0000000087600000, 0x0000000087600000|100%| E|CS|TAMS 0x0000000087500000, 0x0000000087500000| Complete 
| 118|0x0000000087600000, 0x0000000087700000, 0x0000000087700000|100%| E|CS|TAMS 0x0000000087600000, 0x0000000087600000| Complete 
| 119|0x0000000087700000, 0x0000000087800000, 0x0000000087800000|100%| E|CS|TAMS 0x0000000087700000, 0x0000000087700000| Complete 
| 120|0x0000000087800000, 0x0000000087900000, 0x0000000087900000|100%| E|CS|TAMS 0x0000000087800000, 0x0000000087800000| Complete 
| 121|0x0000000087900000, 0x0000000087a00000, 0x0000000087a00000|100%| E|CS|TAMS 0x0000000087900000, 0x0000000087900000| Complete 
| 122|0x0000000087a00000, 0x0000000087b00000, 0x0000000087b00000|100%| E|CS|TAMS 0x0000000087a00000, 0x0000000087a00000| Complete 
| 123|0x0000000087b00000, 0x0000000087c00000, 0x0000000087c00000|100%| E|CS|TAMS 0x0000000087b00000, 0x0000000087b00000| Complete 
| 124|0x0000000087c00000, 0x0000000087d00000, 0x0000000087d00000|100%| E|CS|TAMS 0x0000000087c00000, 0x0000000087c00000| Complete 
| 125|0x0000000087d00000, 0x0000000087e00000, 0x0000000087e00000|100%| E|CS|TAMS 0x0000000087d00000, 0x0000000087d00000| Complete 
| 126|0x0000000087e00000, 0x0000000087f00000, 0x0000000087f00000|100%| E|CS|TAMS 0x0000000087e00000, 0x0000000087e00000| Complete 
| 127|0x0000000087f00000, 0x0000000088000000, 0x0000000088000000|100%| E|CS|TAMS 0x0000000087f00000, 0x0000000087f00000| Complete 

Card table byte_map: [0x00000138bad90000,0x00000138bb190000] _byte_map_base: 0x00000138ba990000

Marking Bits (Prev, Next): (CMBitMap*) 0x00000138a140f3a8, (CMBitMap*) 0x00000138a140f3e0
 Prev Bits: [0x00000138bb590000, 0x00000138bd590000)
 Next Bits: [0x00000138bd590000, 0x00000138bf590000)

Polling page: 0x00000138a1280000

Metaspace:

Usage:
  Non-class:     42.10 MB capacity,    41.40 MB ( 98%) used,   581.92 KB (  1%) free+waste,   132.13 KB ( <1%) overhead. 
      Class:      6.62 MB capacity,     6.10 MB ( 92%) used,   466.54 KB (  7%) free+waste,    65.13 KB ( <1%) overhead. 
       Both:     48.71 MB capacity,    47.50 MB ( 98%) used,     1.02 MB (  2%) free+waste,   197.25 KB ( <1%) overhead. 

Virtual space:
  Non-class space:       44.00 MB reserved,      42.33 MB ( 96%) committed 
      Class space:      504.00 MB reserved,       6.63 MB (  1%) committed 
             Both:      548.00 MB reserved,      48.95 MB (  9%) committed 

Chunk freelists:
   Non-Class:  43.00 KB
       Class:  10.00 KB
        Both:  53.00 KB

MaxMetaspaceSize: 512.00 MB
CompressedClassSpaceSize: 504.00 MB
Initial GC threshold: 20.80 MB
Current GC threshold: 58.88 MB
CDS: off

CodeHeap 'non-profiled nmethods': size=120064Kb used=2518Kb max_used=2518Kb free=117545Kb
 bounds [0x00000138b2e20000, 0x00000138b30a0000, 0x00000138ba360000]
CodeHeap 'profiled nmethods': size=120000Kb used=9212Kb max_used=9212Kb free=110787Kb
 bounds [0x00000138ab8f0000, 0x00000138ac1f0000, 0x00000138b2e20000]
CodeHeap 'non-nmethods': size=5696Kb used=2292Kb max_used=2338Kb free=3404Kb
 bounds [0x00000138ab360000, 0x00000138ab5d0000, 0x00000138ab8f0000]
 total_blobs=5143 nmethods=4351 adapters=704
 compilation: enabled
              stopped_count=0, restarted_count=0
 full_count=0

Compilation events (20 events):
Event: 39.900 Thread 0x00000138c1bd9000 4347       3       java.net.URI::match (56 bytes)
Event: 39.900 Thread 0x00000138c1bd9000 nmethod 4347 0x00000138ac1e4710 code [0x00000138ac1e48c0, 0x00000138ac1e4b78]
Event: 39.946 Thread 0x00000138c1bd9000 4350       3       org.gradle.internal.instantiation.generator.ParamsMatchingConstructorSelector::forParams (481 bytes)
Event: 39.947 Thread 0x00000138c1bd9000 nmethod 4350 0x00000138ac1e4c10 code [0x00000138ac1e5180, 0x00000138ac1e8238]
Event: 39.948 Thread 0x00000138c1bd9000 4351       3       org.gradle.internal.instantiation.generator.ParamsMatchingConstructorSelector::vetoParameters (1 bytes)
Event: 39.948 Thread 0x00000138c1bd9000 nmethod 4351 0x00000138ac1e9110 code [0x00000138ac1e92c0, 0x00000138ac1e93b8]
Event: 39.948 Thread 0x00000138c1bd9000 4352       3       com.google.common.collect.CollectPreconditions::checkNonnegative (48 bytes)
Event: 39.948 Thread 0x00000138c1bd9000 nmethod 4352 0x00000138ac1e9490 code [0x00000138ac1e9740, 0x00000138ac1ea268]
Event: 39.968 Thread 0x00000138c1bd9000 4353       3       java.net.URI$Parser::scan (41 bytes)
Event: 39.969 Thread 0x00000138c1bd9000 nmethod 4353 0x00000138ac1ea710 code [0x00000138ac1ea980, 0x00000138ac1eb2d8]
Event: 39.980 Thread 0x00000138c1bd9000 4354       3       java.lang.ref.ReferenceQueue::<init> (21 bytes)
Event: 39.980 Thread 0x00000138c1bd9000 nmethod 4354 0x00000138ac1eb710 code [0x00000138ac1eb8e0, 0x00000138ac1ebbb8]
Event: 39.980 Thread 0x00000138c1bd9000 4355       3       java.lang.ref.ReferenceQueue$Lock::<init> (5 bytes)
Event: 39.980 Thread 0x00000138c1bd9000 nmethod 4355 0x00000138ac1ebd10 code [0x00000138ac1ebec0, 0x00000138ac1ec018]
Event: 39.993 Thread 0x00000138c1bd9000 4356       3       org.gradle.api.internal.artifacts.repositories.resolver.AbstractResourcePattern::isOptionalToken (153 bytes)
Event: 39.994 Thread 0x00000138c1bd9000 nmethod 4356 0x00000138ac1ec110 code [0x00000138ac1ec420, 0x00000138ac1ed608]
Event: 39.994 Thread 0x00000138c1bd9000 4357       3       java.net.URI$Parser::scan (76 bytes)
Event: 39.994 Thread 0x00000138c1bd9000 nmethod 4357 0x00000138ac1edd90 code [0x00000138ac1edfe0, 0x00000138ac1ee8b8]
Event: 40.021 Thread 0x00000138c1bd9000 4358       3       java.lang.invoke.MethodType::methodType (14 bytes)
Event: 40.021 Thread 0x00000138c1bd9000 nmethod 4358 0x00000138ac1eec90 code [0x00000138ac1eee60, 0x00000138ac1ef188]

GC Heap History (19 events):
Event: 0.427 GC heap before
{Heap before GC invocations=0 (full 0):
 garbage-first heap   total 131072K, used 16384K [0x0000000080000000, 0x0000000100000000)
  region size 1024K, 14 young (14336K), 0 survivors (0K)
 Metaspace       used 6768K, capacity 6993K, committed 7168K, reserved 524288K
  class space    used 573K, capacity 650K, committed 768K, reserved 516096K
}
Event: 0.431 GC heap after
{Heap after GC invocations=1 (full 0):
 garbage-first heap   total 131072K, used 3753K [0x0000000080000000, 0x0000000100000000)
  region size 1024K, 2 young (2048K), 2 survivors (2048K)
 Metaspace       used 6768K, capacity 6993K, committed 7168K, reserved 524288K
  class space    used 573K, capacity 650K, committed 768K, reserved 516096K
}
Event: 5.240 GC heap before
{Heap before GC invocations=1 (full 0):
 garbage-first heap   total 131072K, used 82601K [0x0000000080000000, 0x0000000100000000)
  region size 1024K, 76 young (77824K), 2 survivors (2048K)
 Metaspace       used 17463K, capacity 17915K, committed 18048K, reserved 532480K
  class space    used 2011K, capacity 2148K, committed 2176K, reserved 516096K
}
Event: 5.248 GC heap after
{Heap after GC invocations=2 (full 0):
 garbage-first heap   total 131072K, used 16279K [0x0000000080000000, 0x0000000100000000)
  region size 1024K, 10 young (10240K), 10 survivors (10240K)
 Metaspace       used 17463K, capacity 17915K, committed 18048K, reserved 532480K
  class space    used 2011K, capacity 2148K, committed 2176K, reserved 516096K
}
Event: 5.353 GC heap before
{Heap before GC invocations=2 (full 0):
 garbage-first heap   total 131072K, used 18327K [0x0000000080000000, 0x0000000100000000)
  region size 1024K, 12 young (12288K), 10 survivors (10240K)
 Metaspace       used 17559K, capacity 18043K, committed 18304K, reserved 532480K
  class space    used 2028K, capacity 2148K, committed 2176K, reserved 516096K
}
Event: 5.358 GC heap after
{Heap after GC invocations=3 (full 0):
 garbage-first heap   total 131072K, used 16846K [0x0000000080000000, 0x0000000100000000)
  region size 1024K, 1 young (1024K), 1 survivors (1024K)
 Metaspace       used 17559K, capacity 18043K, committed 18304K, reserved 532480K
  class space    used 2028K, capacity 2148K, committed 2176K, reserved 516096K
}
Event: 6.697 GC heap before
{Heap before GC invocations=3 (full 0):
 garbage-first heap   total 131072K, used 41422K [0x0000000080000000, 0x0000000100000000)
  region size 1024K, 26 young (26624K), 1 survivors (1024K)
 Metaspace       used 20626K, capacity 21136K, committed 21296K, reserved 536576K
  class space    used 2471K, capacity 2630K, committed 2688K, reserved 516096K
}
Event: 6.700 GC heap after
{Heap after GC invocations=4 (full 0):
 garbage-first heap   total 131072K, used 17200K [0x0000000080000000, 0x0000000100000000)
  region size 1024K, 2 young (2048K), 2 survivors (2048K)
 Metaspace       used 20626K, capacity 21136K, committed 21296K, reserved 536576K
  class space    used 2471K, capacity 2630K, committed 2688K, reserved 516096K
}
Event: 8.563 GC heap before
{Heap before GC invocations=5 (full 0):
 garbage-first heap   total 131072K, used 62256K [0x0000000080000000, 0x0000000100000000)
  region size 1024K, 46 young (47104K), 2 survivors (2048K)
 Metaspace       used 25223K, capacity 25850K, committed 25904K, reserved 538624K
  class space    used 3216K, capacity 3419K, committed 3456K, reserved 516096K
}
Event: 8.571 GC heap after
{Heap after GC invocations=6 (full 0):
 garbage-first heap   total 131072K, used 18916K [0x0000000080000000, 0x0000000100000000)
  region size 1024K, 3 young (3072K), 3 survivors (3072K)
 Metaspace       used 25223K, capacity 25850K, committed 25904K, reserved 538624K
  class space    used 3216K, capacity 3419K, committed 3456K, reserved 516096K
}
Event: 9.811 GC heap before
{Heap before GC invocations=6 (full 0):
 garbage-first heap   total 131072K, used 73188K [0x0000000080000000, 0x0000000100000000)
  region size 1024K, 56 young (57344K), 3 survivors (3072K)
 Metaspace       used 30400K, capacity 31228K, committed 31408K, reserved 544768K
  class space    used 4025K, capacity 4324K, committed 4352K, reserved 516096K
}
Event: 9.815 GC heap after
{Heap after GC invocations=7 (full 0):
 garbage-first heap   total 131072K, used 20590K [0x0000000080000000, 0x0000000100000000)
  region size 1024K, 5 young (5120K), 5 survivors (5120K)
 Metaspace       used 30400K, capacity 31228K, committed 31408K, reserved 544768K
  class space    used 4025K, capacity 4324K, committed 4352K, reserved 516096K
}
Event: 10.525 GC heap before
{Heap before GC invocations=7 (full 0):
 garbage-first heap   total 131072K, used 36974K [0x0000000080000000, 0x0000000100000000)
  region size 1024K, 22 young (22528K), 5 survivors (5120K)
 Metaspace       used 35025K, capacity 35788K, committed 35920K, reserved 548864K
  class space    used 4482K, capacity 4824K, committed 4864K, reserved 516096K
}
Event: 10.531 GC heap after
{Heap after GC invocations=8 (full 0):
 garbage-first heap   total 131072K, used 22589K [0x0000000080000000, 0x0000000100000000)
  region size 1024K, 6 young (6144K), 6 survivors (6144K)
 Metaspace       used 35025K, capacity 35788K, committed 35920K, reserved 548864K
  class space    used 4482K, capacity 4824K, committed 4864K, reserved 516096K
}
Event: 12.291 GC heap before
{Heap before GC invocations=9 (full 0):
 garbage-first heap   total 131072K, used 83005K [0x0000000080000000, 0x0000000100000000)
  region size 1024K, 63 young (64512K), 6 survivors (6144K)
 Metaspace       used 40081K, capacity 41036K, committed 41168K, reserved 552960K
  class space    used 5034K, capacity 5438K, committed 5504K, reserved 516096K
}
Event: 12.300 GC heap after
{Heap after GC invocations=10 (full 0):
 garbage-first heap   total 131072K, used 27589K [0x0000000080000000, 0x0000000100000000)
  region size 1024K, 8 young (8192K), 8 survivors (8192K)
 Metaspace       used 40081K, capacity 41036K, committed 41168K, reserved 552960K
  class space    used 5034K, capacity 5438K, committed 5504K, reserved 516096K
}
Event: 38.592 GC heap before
{Heap before GC invocations=10 (full 0):
 garbage-first heap   total 131072K, used 88005K [0x0000000080000000, 0x0000000100000000)
  region size 1024K, 66 young (67584K), 8 survivors (8192K)
 Metaspace       used 44089K, capacity 45289K, committed 45520K, reserved 557056K
  class space    used 5542K, capacity 6013K, committed 6016K, reserved 516096K
}
Event: 38.601 GC heap after
{Heap after GC invocations=11 (full 0):
 garbage-first heap   total 131072K, used 30593K [0x0000000080000000, 0x0000000100000000)
  region size 1024K, 8 young (8192K), 8 survivors (8192K)
 Metaspace       used 44089K, capacity 45289K, committed 45520K, reserved 557056K
  class space    used 5542K, capacity 6013K, committed 6016K, reserved 516096K
}
Event: 40.023 GC heap before
{Heap before GC invocations=11 (full 0):
 garbage-first heap   total 131072K, used 89985K [0x0000000080000000, 0x0000000100000000)
  region size 1024K, 66 young (67584K), 8 survivors (8192K)
 Metaspace       used 48637K, capacity 49883K, committed 50128K, reserved 561152K
  class space    used 6242K, capacity 6774K, committed 6784K, reserved 516096K
}

Deoptimization events (20 events):
Event: 39.878 Thread 0x00000138c4c93000 Uncommon trap: trap_request=0xffffffc6 fr.pc=0x00000138b2f3dd9c relative=0x000000000000023c
Event: 39.878 Thread 0x00000138c4c93000 Uncommon trap: reason=bimorphic_or_optimized_type_check action=maybe_recompile pc=0x00000138b2f3dd9c method=com.google.common.base.CharMatcher.indexIn(Ljava/lang/CharSequence;I)I @ 31 c2
Event: 39.878 Thread 0x00000138c4c93000 DEOPT PACKING pc=0x00000138b2f3dd9c sp=0x0000000d865f8180
Event: 39.878 Thread 0x00000138c4c93000 DEOPT UNPACKING pc=0x00000138ab3aa1af sp=0x0000000d865f8118 mode 2
Event: 39.900 Thread 0x00000138c4c93000 Uncommon trap: trap_request=0xffffff4d fr.pc=0x00000138b2ea5010 relative=0x00000000000001d0
Event: 39.900 Thread 0x00000138c4c93000 Uncommon trap: reason=unstable_if action=reinterpret pc=0x00000138b2ea5010 method=java.net.URI$Parser.scan(IILjava/lang/String;)I @ 26 c2
Event: 39.900 Thread 0x00000138c4c93000 DEOPT PACKING pc=0x00000138b2ea5010 sp=0x0000000d865f75d0
Event: 39.900 Thread 0x00000138c4c93000 DEOPT UNPACKING pc=0x00000138ab3aa1af sp=0x0000000d865f7560 mode 2
Event: 39.900 Thread 0x00000138c4c93000 Uncommon trap: trap_request=0xffffff4d fr.pc=0x00000138b2e7dfdc relative=0x000000000000011c
Event: 39.900 Thread 0x00000138c4c93000 Uncommon trap: reason=unstable_if action=reinterpret pc=0x00000138b2e7dfdc method=java.net.URI.match(CJJ)Z @ 45 c2
Event: 39.900 Thread 0x00000138c4c93000 DEOPT PACKING pc=0x00000138b2e7dfdc sp=0x0000000d865f7340
Event: 39.900 Thread 0x00000138c4c93000 DEOPT UNPACKING pc=0x00000138ab3aa1af sp=0x0000000d865f7278 mode 2
Event: 39.900 Thread 0x00000138c4c93000 Uncommon trap: trap_request=0xffffff4d fr.pc=0x00000138b2e480e8 relative=0x0000000000000048
Event: 39.900 Thread 0x00000138c4c93000 Uncommon trap: reason=unstable_if action=reinterpret pc=0x00000138b2e480e8 method=java.net.URI.match(CJJ)Z @ 19 c2
Event: 39.900 Thread 0x00000138c4c93000 DEOPT PACKING pc=0x00000138b2e480e8 sp=0x0000000d865f7350
Event: 39.900 Thread 0x00000138c4c93000 DEOPT UNPACKING pc=0x00000138ab3aa1af sp=0x0000000d865f7300 mode 2
Event: 39.968 Thread 0x00000138c4c93000 Uncommon trap: trap_request=0xffffff4d fr.pc=0x00000138b2ea43b4 relative=0x00000000000001f4
Event: 39.968 Thread 0x00000138c4c93000 Uncommon trap: reason=unstable_if action=reinterpret pc=0x00000138b2ea43b4 method=java.net.URI$Parser.scan(IILjava/lang/String;)I @ 26 c2
Event: 39.968 Thread 0x00000138c4c93000 DEOPT PACKING pc=0x00000138b2ea43b4 sp=0x0000000d865f7080
Event: 39.968 Thread 0x00000138c4c93000 DEOPT UNPACKING pc=0x00000138ab3aa1af sp=0x0000000d865f7030 mode 2

Classes redefined (0 events):
No events

Internal exceptions (20 events):
Event: 37.706 Thread 0x00000138c4c93000 Exception <a 'java/lang/ClassNotFoundException'{0x0000000086b7f520}: org/codehaus/groovy/runtime/NullObjectBeanInfo> (0x0000000086b7f520) thrown at [./src/hotspot/share/classfile/systemDictionary.cpp, line 230]
Event: 37.708 Thread 0x00000138c4c93000 Exception <a 'java/lang/ClassNotFoundException'{0x0000000086834490}: org/codehaus/groovy/runtime/NullObjectCustomizer> (0x0000000086834490) thrown at [./src/hotspot/share/classfile/systemDictionary.cpp, line 230]
Event: 37.743 Thread 0x00000138c4c93000 Implicit null exception at 0x00000138b2f68b6f to 0x00000138b2f68c18
Event: 37.745 Thread 0x00000138c4c93000 Exception <a 'java/lang/ClassNotFoundException'{0x000000008679c478}: java/io/FileBeanInfo> (0x000000008679c478) thrown at [./src/hotspot/share/classfile/systemDictionary.cpp, line 230]
Event: 37.745 Thread 0x00000138c4c93000 Exception <a 'java/lang/ClassNotFoundException'{0x00000000867a1af8}: java/io/FileCustomizer> (0x00000000867a1af8) thrown at [./src/hotspot/share/classfile/systemDictionary.cpp, line 230]
Event: 37.911 Thread 0x00000138c4c93000 Exception <a 'java/lang/NoSuchMethodError'{0x00000000863f5b70}: 'java.lang.Object java.lang.invoke.DirectMethodHandle$Holder.invokeSpecial(java.lang.Object, java.lang.Object, java.lang.Object, java.lang.Object, java.lang.Object, java.lang.Object, java.lang.Object, java.lang.Object, java.lang.Object, java.lang.Object)'> (0x00000000863f5b70) thrown at [./src/hotspot/share/interpreter/linkResolver.cpp, line 773]
Event: 37.911 Thread 0x00000138c4c93000 Exception <a 'java/lang/NoSuchMethodError'{0x00000000863fe2a0}: 'java.lang.Object java.lang.invoke.Invokers$Holder.invoker(java.lang.Object, java.lang.Object, java.lang.Object, java.lang.Object, java.lang.Object, java.lang.Object, java.lang.Object, java.lang.Object, java.lang.Object)'> (0x00000000863fe2a0) thrown at [./src/hotspot/share/interpreter/linkResolver.cpp, line 773]
Event: 37.976 Thread 0x00000138c4c93000 Exception <a 'java/lang/NoSuchMethodError'{0x00000000861746a0}: 'java.lang.Object java.lang.invoke.DelegatingMethodHandle$Holder.reinvoke_L(java.lang.Object, java.lang.Object, java.lang.Object, java.lang.Object, java.lang.Object, java.lang.Object, java.lang.Object, java.lang.Object, java.lang.Object, java.lang.Object, java.lang.Object, java.lang.Object, java.lang.Object, java.lang.Object, java.lang.Object, java.lang.Object, java.lang.Object, java.lang.Object, java.lang.Object, java.lang.Object, java.lang.O
Event: 37.976 Thread 0x00000138c4c93000 Exception <a 'java/lang/NoSuchMethodError'{0x0000000086180058}: 'java.lang.Object java.lang.invoke.Invokers$Holder.invoker(java.lang.Object, java.lang.Object, java.lang.Object, java.lang.Object, java.lang.Object, java.lang.Object, java.lang.Object, java.lang.Object, java.lang.Object, java.lang.Object, java.lang.Object, java.lang.Object, java.lang.Object, java.lang.Object, java.lang.Object, java.lang.Object, java.lang.Object, java.lang.Object, java.lang.Object, java.lang.Object, java.lang.Object)'> (0x00000
Event: 37.976 Thread 0x00000138c4c93000 Exception <a 'java/lang/NoSuchMethodError'{0x00000000861b1a98}: 'java.lang.Object java.lang.invoke.DelegatingMethodHandle$Holder.delegate(java.lang.Object, java.lang.Object, java.lang.Object, java.lang.Object, java.lang.Object, java.lang.Object, java.lang.Object, java.lang.Object, java.lang.Object, java.lang.Object, java.lang.Object, java.lang.Object, java.lang.Object, java.lang.Object, java.lang.Object, java.lang.Object, java.lang.Object, java.lang.Object, java.lang.Object, java.lang.Object, java.lang.Obj
Event: 37.979 Thread 0x00000138c4c93000 Exception <a 'java/lang/NoSuchMethodError'{0x00000000861fa320}: 'java.lang.Object java.lang.invoke.DirectMethodHandle$Holder.invokeStatic(java.lang.Object, java.lang.Object, java.lang.Object, java.lang.Object, java.lang.Object, java.lang.Object, java.lang.Object, java.lang.Object, java.lang.Object, java.lang.Object, java.lang.Object, java.lang.Object, java.lang.Object, java.lang.Object, java.lang.Object)'> (0x00000000861fa320) thrown at [./src/hotspot/share/interpreter/linkResolver.cpp, line 773]
Event: 37.980 Thread 0x00000138c4c93000 Exception <a 'java/lang/NoSuchMethodError'{0x000000008600ab38}: 'java.lang.Object java.lang.invoke.DirectMethodHandle$Holder.invokeStatic(java.lang.Object, java.lang.Object, java.lang.Object, java.lang.Object, java.lang.Object, java.lang.Object, java.lang.Object, java.lang.Object, java.lang.Object, java.lang.Object, java.lang.Object, java.lang.Object, java.lang.Object, java.lang.Object, java.lang.Object, java.lang.Object)'> (0x000000008600ab38) thrown at [./src/hotspot/share/interpreter/linkResolver.cpp, l
Event: 37.981 Thread 0x00000138c4c93000 Exception <a 'java/lang/NoSuchMethodError'{0x000000008601add8}: 'java.lang.Object java.lang.invoke.DelegatingMethodHandle$Holder.reinvoke_L(java.lang.Object, java.lang.Object, java.lang.Object, java.lang.Object, java.lang.Object, java.lang.Object, java.lang.Object, java.lang.Object, java.lang.Object, java.lang.Object, java.lang.Object, java.lang.Object, java.lang.Object, java.lang.Object, java.lang.Object, java.lang.Object, java.lang.Object, java.lang.Object, java.lang.Object, java.lang.Object)'> (0x000000
Event: 38.139 Thread 0x00000138c4c93000 Exception <a 'java/lang/IncompatibleClassChangeError'{0x0000000085301d18}: Found class java.lang.Object, but interface was expected> (0x0000000085301d18) thrown at [./src/hotspot/share/interpreter/linkResolver.cpp, line 839]
Event: 38.475 Thread 0x00000138c4c93000 Exception <a 'java/lang/IncompatibleClassChangeError'{0x0000000084ecc470}: Found class java.lang.Object, but interface was expected> (0x0000000084ecc470) thrown at [./src/hotspot/share/interpreter/linkResolver.cpp, line 839]
Event: 38.493 Thread 0x00000138c4c93000 Exception <a 'java/lang/NoSuchMethodError'{0x0000000084b461f8}: 'int java.lang.invoke.DirectMethodHandle$Holder.invokeStaticInit(java.lang.Object, java.lang.Object, java.lang.Object, java.lang.Object, java.lang.Object)'> (0x0000000084b461f8) thrown at [./src/hotspot/share/interpreter/linkResolver.cpp, line 773]
Event: 38.741 Thread 0x00000138c4c93000 Exception <a 'java/lang/NoSuchMethodError'{0x000000008776b338}: 'void java.lang.invoke.DirectMethodHandle$Holder.invokeInterface(java.lang.Object, java.lang.Object)'> (0x000000008776b338) thrown at [./src/hotspot/share/interpreter/linkResolver.cpp, line 773]
Event: 38.775 Thread 0x00000138c4c93000 Exception <a 'java/lang/NoSuchMethodError'{0x00000000875ea668}: 'java.lang.Object java.lang.invoke.DirectMethodHandle$Holder.invokeStatic(java.lang.Object, int, java.lang.Object)'> (0x00000000875ea668) thrown at [./src/hotspot/share/interpreter/linkResolver.cpp, line 773]
Event: 39.444 Thread 0x00000138c4c93000 Implicit null exception at 0x00000138b2f067f4 to 0x00000138b2f06a04
Event: 39.444 Thread 0x00000138c4c93000 Implicit null exception at 0x00000138b2e63f78 to 0x00000138b2e6400a

Events (20 events):
Event: 40.018 loading class org/gradle/api/internal/artifacts/ivyservice/resolveengine/graph/builder/EdgeState done
Event: 40.018 loading class org/gradle/api/internal/artifacts/ivyservice/resolveengine/graph/builder/EdgeState
Event: 40.018 loading class org/gradle/api/internal/artifacts/ivyservice/resolveengine/graph/builder/EdgeState done
Event: 40.020 loading class org/gradle/api/internal/artifacts/ivyservice/resolveengine/graph/DependencyGraphEdge
Event: 40.020 loading class org/gradle/api/internal/artifacts/ivyservice/resolveengine/graph/DependencyGraphEdge done
Event: 40.021 loading class org/gradle/api/internal/artifacts/ivyservice/resolveengine/graph/builder/EdgeState
Event: 40.021 loading class org/gradle/api/internal/artifacts/ivyservice/resolveengine/graph/builder/EdgeState done
Event: 40.021 loading class org/gradle/api/specs/Spec
Event: 40.021 loading class org/gradle/api/specs/Spec done
Event: 40.021 loading class org/gradle/api/internal/artifacts/ivyservice/resolveengine/graph/builder/EdgeState
Event: 40.021 loading class org/gradle/api/internal/artifacts/ivyservice/resolveengine/graph/builder/EdgeState done
Event: 40.021 loading class org/gradle/api/specs/Spec
Event: 40.021 loading class org/gradle/api/specs/Spec done
Event: 40.021 loading class org/gradle/api/internal/artifacts/ivyservice/resolveengine/graph/builder/ResolutionConflictTracker
Event: 40.021 loading class org/gradle/api/internal/artifacts/ivyservice/resolveengine/graph/builder/ResolutionConflictTracker done
Event: 40.022 loading class org/gradle/api/internal/artifacts/ivyservice/resolveengine/artifact/ResolvedArtifactsGraphVisitor
Event: 40.022 loading class org/gradle/api/internal/artifacts/ivyservice/resolveengine/artifact/ResolvedArtifactsGraphVisitor done
Event: 40.022 loading class org/gradle/internal/resolve/result/DefaultBuildableComponentResolveResult
Event: 40.022 loading class org/gradle/internal/resolve/result/DefaultBuildableComponentResolveResult done
Event: 40.022 Executing VM operation: G1CollectForAllocation


Dynamic libraries:
0x00007ff6cec10000 - 0x00007ff6cec1d000 	C:\Program Files\OpenJDK\openjdk-11.0.16_8\bin\java.exe
0x00007ffd7c510000 - 0x00007ffd7c705000 	C:\Windows\SYSTEM32\ntdll.dll
0x00007ffd7b3c0000 - 0x00007ffd7b47e000 	C:\Windows\System32\KERNEL32.DLL
0x00007ffd79fa0000 - 0x00007ffd7a269000 	C:\Windows\System32\KERNELBASE.dll
0x00007ffd79e20000 - 0x00007ffd79f20000 	C:\Windows\System32\ucrtbase.dll
0x00007ffd67e40000 - 0x00007ffd67e55000 	C:\Program Files\OpenJDK\openjdk-11.0.16_8\bin\VCRUNTIME140.dll
0x00007ffd67e00000 - 0x00007ffd67e17000 	C:\Program Files\OpenJDK\openjdk-11.0.16_8\bin\jli.dll
0x00007ffd7a560000 - 0x00007ffd7a701000 	C:\Windows\System32\USER32.dll
0x00007ffd79d40000 - 0x00007ffd79d62000 	C:\Windows\System32\win32u.dll
0x00007ffd60c00000 - 0x00007ffd60e9a000 	C:\Windows\WinSxS\amd64_microsoft.windows.common-controls_6595b64144ccf1df_6.0.19041.1110_none_60b5254171f9507e\COMCTL32.dll
0x00007ffd7a900000 - 0x00007ffd7a92b000 	C:\Windows\System32\GDI32.dll
0x00007ffd7bd30000 - 0x00007ffd7bdce000 	C:\Windows\System32\msvcrt.dll
0x00007ffd79c30000 - 0x00007ffd79d3b000 	C:\Windows\System32\gdi32full.dll
0x00007ffd7a270000 - 0x00007ffd7a30d000 	C:\Windows\System32\msvcp_win.dll
0x00007ffd7a930000 - 0x00007ffd7a960000 	C:\Windows\System32\IMM32.DLL
0x00007ffd01970000 - 0x00007ffd01a0b000 	C:\Program Files\OpenJDK\openjdk-11.0.16_8\bin\msvcp140.dll
0x00007ffd00e60000 - 0x00007ffd0196e000 	C:\Program Files\OpenJDK\openjdk-11.0.16_8\bin\server\jvm.dll
0x00007ffd7a720000 - 0x00007ffd7a7cc000 	C:\Windows\System32\ADVAPI32.dll
0x00007ffd7bdd0000 - 0x00007ffd7be6b000 	C:\Windows\System32\sechost.dll
0x00007ffd7a7d0000 - 0x00007ffd7a8fa000 	C:\Windows\System32\RPCRT4.dll
0x00007ffd7c160000 - 0x00007ffd7c168000 	C:\Windows\System32\PSAPI.DLL
0x00007ffd6a610000 - 0x00007ffd6a619000 	C:\Windows\SYSTEM32\WSOCK32.dll
0x00007ffd71720000 - 0x00007ffd71747000 	C:\Windows\SYSTEM32\WINMM.dll
0x00007ffd7be70000 - 0x00007ffd7bedb000 	C:\Windows\System32\WS2_32.dll
0x00007ffd76de0000 - 0x00007ffd76dea000 	C:\Windows\SYSTEM32\VERSION.dll
0x00007ffd76d50000 - 0x00007ffd76d62000 	C:\Windows\SYSTEM32\kernel.appcore.dll
0x00007ffd67df0000 - 0x00007ffd67e00000 	C:\Program Files\OpenJDK\openjdk-11.0.16_8\bin\verify.dll
0x00007ffd79650000 - 0x00007ffd79834000 	C:\Windows\SYSTEM32\DBGHELP.DLL
0x00007ffd795a0000 - 0x00007ffd795cc000 	C:\Windows\SYSTEM32\dbgcore.DLL
0x00007ffd7a310000 - 0x00007ffd7a393000 	C:\Windows\System32\bcryptPrimitives.dll
0x00007ffd66d70000 - 0x00007ffd66d98000 	C:\Program Files\OpenJDK\openjdk-11.0.16_8\bin\java.dll
0x00007ffd67c50000 - 0x00007ffd67c5a000 	C:\Program Files\OpenJDK\openjdk-11.0.16_8\bin\jimage.dll
0x00007ffd66be0000 - 0x00007ffd66bf8000 	C:\Program Files\OpenJDK\openjdk-11.0.16_8\bin\zip.dll
0x00007ffd7abb0000 - 0x00007ffd7b2ef000 	C:\Windows\System32\SHELL32.dll
0x00007ffd77700000 - 0x00007ffd77e90000 	C:\Windows\SYSTEM32\windows.storage.dll
0x00007ffd7c170000 - 0x00007ffd7c4c5000 	C:\Windows\System32\combase.dll
0x00007ffd78f90000 - 0x00007ffd78fbc000 	C:\Windows\SYSTEM32\Wldp.dll
0x00007ffd7b310000 - 0x00007ffd7b3bd000 	C:\Windows\System32\SHCORE.dll
0x00007ffd7a960000 - 0x00007ffd7a9b5000 	C:\Windows\System32\shlwapi.dll
0x00007ffd79b70000 - 0x00007ffd79b8f000 	C:\Windows\SYSTEM32\profapi.dll
0x00007ffd66bc0000 - 0x00007ffd66bd9000 	C:\Program Files\OpenJDK\openjdk-11.0.16_8\bin\net.dll
0x00007ffd6ea20000 - 0x00007ffd6eb28000 	C:\Windows\SYSTEM32\WINHTTP.dll
0x00007ffd78d10000 - 0x00007ffd78d7a000 	C:\Windows\system32\mswsock.dll
0x00007ffd61e90000 - 0x00007ffd61ea3000 	C:\Program Files\OpenJDK\openjdk-11.0.16_8\bin\nio.dll
0x00007ffd66450000 - 0x00007ffd66477000 	C:\Users\Metin\.gradle\native\e1d6ef7f7dcc3fd88c89a11ec53ec762bb8ba0a96d01ffa2cd45eb1d1d8dd5c5\windows-amd64\native-platform.dll
0x00007ffd03ec0000 - 0x00007ffd04004000 	C:\Users\Metin\.gradle\native\0d407fdbe67a94daf76414ababcb853783967236a71b16ec16e742cd7a986fd3\windows-amd64\native-platform-file-events.dll
0x00007ffd68c40000 - 0x00007ffd68c49000 	C:\Program Files\OpenJDK\openjdk-11.0.16_8\bin\management.dll
0x00007ffd68c30000 - 0x00007ffd68c3b000 	C:\Program Files\OpenJDK\openjdk-11.0.16_8\bin\management_ext.dll
0x00007ffd799b0000 - 0x00007ffd799c8000 	C:\Windows\SYSTEM32\CRYPTSP.dll
0x00007ffd78690000 - 0x00007ffd786c4000 	C:\Windows\system32\rsaenh.dll
0x00007ffd79f20000 - 0x00007ffd79f47000 	C:\Windows\System32\bcrypt.dll
0x00007ffd79b30000 - 0x00007ffd79b5e000 	C:\Windows\SYSTEM32\USERENV.dll
0x00007ffd78f00000 - 0x00007ffd78f0c000 	C:\Windows\SYSTEM32\CRYPTBASE.dll
0x00007ffd78a00000 - 0x00007ffd78a3b000 	C:\Windows\SYSTEM32\IPHLPAPI.DLL
0x00007ffd7a710000 - 0x00007ffd7a718000 	C:\Windows\System32\NSI.dll
0x00007ffd72de0000 - 0x00007ffd72df7000 	C:\Windows\SYSTEM32\dhcpcsvc6.DLL
0x00007ffd72dc0000 - 0x00007ffd72ddd000 	C:\Windows\SYSTEM32\dhcpcsvc.DLL
0x00007ffd78a40000 - 0x00007ffd78b0c000 	C:\Windows\SYSTEM32\DNSAPI.dll

dbghelp: loaded successfully - version: 4.0.5 - missing functions: none
symbol engine: initialized successfully - sym options: 0x614 - pdb path: .;C:\Program Files\OpenJDK\openjdk-11.0.16_8\bin;C:\Windows\SYSTEM32;C:\Windows\WinSxS\amd64_microsoft.windows.common-controls_6595b64144ccf1df_6.0.19041.1110_none_60b5254171f9507e;C:\Program Files\OpenJDK\openjdk-11.0.16_8\bin\server;C:\Users\Metin\.gradle\native\e1d6ef7f7dcc3fd88c89a11ec53ec762bb8ba0a96d01ffa2cd45eb1d1d8dd5c5\windows-amd64;C:\Users\Metin\.gradle\native\0d407fdbe67a94daf76414ababcb853783967236a71b16ec16e742cd7a986fd3\windows-amd64

VM Arguments:
jvm_args: -XX:MaxMetaspaceSize=512m --add-opens=java.base/java.util=ALL-UNNAMED --add-opens=java.base/java.lang=ALL-UNNAMED --add-opens=java.base/java.lang.invoke=ALL-UNNAMED --add-opens=java.base/java.util=ALL-UNNAMED --add-opens=java.prefs/java.util.prefs=ALL-UNNAMED --add-opens=java.prefs/java.util.prefs=ALL-UNNAMED --add-opens=java.base/java.nio.charset=ALL-UNNAMED --add-opens=java.base/java.net=ALL-UNNAMED --add-opens=java.base/java.util.concurrent.atomic=ALL-UNNAMED -Xmx2048m -Dfile.encoding=windows-1254 -Duser.country=TR -Duser.language=tr -Duser.variant 
java_command: org.gradle.launcher.daemon.bootstrap.GradleDaemon 7.5.1
java_class_path (initial): C:\Users\Metin\.gradle\wrapper\dists\gradle-7.5.1-all\1ehga6e77gqps5uk2kc5kf1vc\gradle-7.5.1\lib\gradle-launcher-7.5.1.jar
Launcher Type: SUN_STANDARD

[Global flags]
     intx CICompilerCount                          = 3                                         {product} {ergonomic}
   size_t CompressedClassSpaceSize                 = 528482304                                 {product} {ergonomic}
     uint ConcGCThreads                            = 1                                         {product} {ergonomic}
     uint G1ConcRefinementThreads                  = 4                                         {product} {ergonomic}
   size_t G1HeapRegionSize                         = 1048576                                   {product} {ergonomic}
    uintx GCDrainStackTargetSize                   = 64                                        {product} {ergonomic}
   size_t InitialHeapSize                          = 134217728                                 {product} {ergonomic}
   size_t MarkStackSize                            = 4194304                                   {product} {ergonomic}
   size_t MaxHeapSize                              = 2147483648                                {product} {command line}
   size_t MaxMetaspaceSize                         = 536870912                                 {product} {command line}
   size_t MaxNewSize                               = 1287651328                                {product} {ergonomic}
   size_t MinHeapDeltaBytes                        = 1048576                                   {product} {ergonomic}
    uintx NonNMethodCodeHeapSize                   = 5830732                                {pd product} {ergonomic}
    uintx NonProfiledCodeHeapSize                  = 122913754                              {pd product} {ergonomic}
    uintx ProfiledCodeHeapSize                     = 122913754                              {pd product} {ergonomic}
    uintx ReservedCodeCacheSize                    = 251658240                              {pd product} {ergonomic}
     bool SegmentedCodeCache                       = true                                      {product} {ergonomic}
     bool UseCompressedClassPointers               = true                                 {lp64_product} {ergonomic}
     bool UseCompressedOops                        = true                                 {lp64_product} {ergonomic}
     bool UseG1GC                                  = true                                      {product} {ergonomic}
     bool UseLargePagesIndividualAllocation        = false                                  {pd product} {ergonomic}

Logging:
Log output configuration:
 #0: stdout all=warning uptime,level,tags
 #1: stderr all=off uptime,level,tags

Environment Variables:
JAVA_HOME=C:\Program Files\OpenJDK\openjdk-11.0.16_8
CLASSPATH=C:\KOD\ReactNative\BrBaApplication\android\\gradle\wrapper\gradle-wrapper.jar
PATH=C:\Windows\system32;C:\Windows;C:\Windows\System32\Wbem;C:\Windows\System32\WindowsPowerShell\v1.0\;C:\Windows\System32\OpenSSH\;C:\ProgramData\chocolatey\bin;C:\Program Files\nodejs\;C:\Program Files\OpenJDK\openjdk-11.0.16_8\bin;C:\Users\Metin\AppData\Local\Microsoft\WindowsApps;C:\Users\Metin\AppData\Local\Programs\Microsoft VS Code\bin;C:\Users\Metin\AppData\Local\GitHubDesktop\bin;C:\Users\Metin\AppData\Roaming\npm;C:\Users\Metin\AppData\Local\Android\Sdk\platform-tools;
USERNAME=Metin
LANG=tr_TR.UTF-8
OS=Windows_NT
PROCESSOR_IDENTIFIER=Intel64 Family 6 Model 60 Stepping 3, GenuineIntel
TMP=C:\Users\Metin\AppData\Local\Temp
TEMP=C:\Users\Metin\AppData\Local\Temp



---------------  S Y S T E M  ---------------

OS: Windows 10 , 64 bit Build 19041 (10.0.19041.1202)
OS uptime: 0 days 0:46 hours

CPU:total 4 (initial active 4) (4 cores per cpu, 1 threads per core) family 6 model 60 stepping 3 microcode 0x27, cmov, cx8, fxsr, mmx, sse, sse2, sse3, ssse3, sse4.1, sse4.2, popcnt, avx, avx2, aes, clmul, erms, lzcnt, tsc, tscinvbit, bmi1, bmi2, fma

Memory: 4k page, system-wide physical 8124M (4259M free)
TotalPageFile size 16828M (AvailPageFile size 10806M)
current process WorkingSet (physical memory assigned to process): 266M, peak: 270M
current process commit charge ("private bytes"): 316M, peak: 321M

vm_info: OpenJDK 64-Bit Server VM (11.0.16+8) for windows-amd64 JRE (11.0.16+8), built on Jul 17 2022 01:33:05 by "tester" with MS VC++ 15.9 (VS2017)

END.
